<?xml version="1.0" encoding="UTF-8"?>
<coverage generated="1740843209361" clover="3.2.0">
  <project timestamp="1740843209361" name="All files">
    <metrics statements="239" coveredstatements="121" conditionals="78" coveredconditionals="46" methods="75" coveredmethods="34" elements="392" coveredelements="201" complexity="0" loc="239" ncloc="239" packages="4" files="21" classes="21"/>
    <package name="components">
      <metrics statements="30" coveredstatements="24" conditionals="9" coveredconditionals="7" methods="12" coveredmethods="8"/>
      <file name="AdminMenu.js" path="/Users/izzhafeez/Documents/Documents - Izz’s MacBook Pro/School-3/CS4218/cs4218-2420-ecom-project-team16/client/src/components/AdminMenu.js">
        <metrics statements="2" coveredstatements="0" conditionals="0" coveredconditionals="0" methods="1" coveredmethods="0"/>
        <line num="3" count="0" type="stmt"/>
        <line num="4" count="0" type="stmt"/>
      </file>
      <file name="Footer.js" path="/Users/izzhafeez/Documents/Documents - Izz’s MacBook Pro/School-3/CS4218/cs4218-2420-ecom-project-team16/client/src/components/Footer.js">
        <metrics statements="2" coveredstatements="2" conditionals="0" coveredconditionals="0" methods="1" coveredmethods="1"/>
        <line num="4" count="1" type="stmt"/>
        <line num="5" count="1" type="stmt"/>
      </file>
      <file name="Header.js" path="/Users/izzhafeez/Documents/Documents - Izz’s MacBook Pro/School-3/CS4218/cs4218-2420-ecom-project-team16/client/src/components/Header.js">
        <metrics statements="10" coveredstatements="10" conditionals="4" coveredconditionals="4" methods="3" coveredmethods="3"/>
        <line num="10" count="1" type="stmt"/>
        <line num="11" count="10" type="stmt"/>
        <line num="12" count="10" type="stmt"/>
        <line num="13" count="10" type="stmt"/>
        <line num="14" count="10" type="stmt"/>
        <line num="15" count="1" type="stmt"/>
        <line num="20" count="1" type="stmt"/>
        <line num="21" count="1" type="stmt"/>
        <line num="23" count="10" type="stmt"/>
        <line num="64" count="3" type="stmt"/>
      </file>
      <file name="Layout.js" path="/Users/izzhafeez/Documents/Documents - Izz’s MacBook Pro/School-3/CS4218/cs4218-2420-ecom-project-team16/client/src/components/Layout.js">
        <metrics statements="3" coveredstatements="3" conditionals="0" coveredconditionals="0" methods="1" coveredmethods="1"/>
        <line num="7" count="1" type="stmt"/>
        <line num="8" count="3" type="stmt"/>
        <line num="27" count="1" type="stmt"/>
      </file>
      <file name="Prices.js" path="/Users/izzhafeez/Documents/Documents - Izz’s MacBook Pro/School-3/CS4218/cs4218-2420-ecom-project-team16/client/src/components/Prices.js">
        <metrics statements="1" coveredstatements="0" conditionals="0" coveredconditionals="0" methods="0" coveredmethods="0"/>
        <line num="1" count="0" type="stmt"/>
      </file>
      <file name="Spinner.js" path="/Users/izzhafeez/Documents/Documents - Izz’s MacBook Pro/School-3/CS4218/cs4218-2420-ecom-project-team16/client/src/components/Spinner.js">
        <metrics statements="10" coveredstatements="9" conditionals="5" coveredconditionals="3" methods="5" coveredmethods="3"/>
        <line num="3" count="1" type="cond" truecount="1" falsecount="0"/>
        <line num="4" count="1" type="stmt"/>
        <line num="5" count="1" type="stmt"/>
        <line num="6" count="1" type="stmt"/>
        <line num="8" count="1" type="stmt"/>
        <line num="9" count="1" type="stmt"/>
        <line num="10" count="0" type="stmt"/>
        <line num="12" count="1" type="cond" truecount="1" falsecount="1"/>
        <line num="13" count="1" type="stmt"/>
        <line num="15" count="1" type="stmt"/>
      </file>
      <file name="UserMenu.js" path="/Users/izzhafeez/Documents/Documents - Izz’s MacBook Pro/School-3/CS4218/cs4218-2420-ecom-project-team16/client/src/components/UserMenu.js">
        <metrics statements="2" coveredstatements="0" conditionals="0" coveredconditionals="0" methods="1" coveredmethods="0"/>
        <line num="3" count="0" type="stmt"/>
        <line num="4" count="0" type="stmt"/>
      </file>
    </package>
    <package name="components.Form">
      <metrics statements="15" coveredstatements="0" conditionals="0" coveredconditionals="0" methods="5" coveredmethods="0"/>
      <file name="CategoryForm.js" path="/Users/izzhafeez/Documents/Documents - Izz’s MacBook Pro/School-3/CS4218/cs4218-2420-ecom-project-team16/client/src/components/Form/CategoryForm.js">
        <metrics statements="3" coveredstatements="0" conditionals="0" coveredconditionals="0" methods="2" coveredmethods="0"/>
        <line num="3" count="0" type="stmt"/>
        <line num="4" count="0" type="stmt"/>
        <line num="13" count="0" type="stmt"/>
      </file>
      <file name="SearchInput.js" path="/Users/izzhafeez/Documents/Documents - Izz’s MacBook Pro/School-3/CS4218/cs4218-2420-ecom-project-team16/client/src/components/Form/SearchInput.js">
        <metrics statements="12" coveredstatements="0" conditionals="0" coveredconditionals="0" methods="3" coveredmethods="0"/>
        <line num="5" count="0" type="stmt"/>
        <line num="6" count="0" type="stmt"/>
        <line num="7" count="0" type="stmt"/>
        <line num="9" count="0" type="stmt"/>
        <line num="10" count="0" type="stmt"/>
        <line num="11" count="0" type="stmt"/>
        <line num="12" count="0" type="stmt"/>
        <line num="15" count="0" type="stmt"/>
        <line num="16" count="0" type="stmt"/>
        <line num="18" count="0" type="stmt"/>
        <line num="21" count="0" type="stmt"/>
        <line num="30" count="0" type="stmt"/>
      </file>
    </package>
    <package name="components.Routes">
      <metrics statements="20" coveredstatements="0" conditionals="12" coveredconditionals="0" methods="6" coveredmethods="0"/>
      <file name="AdminRoute.js" path="/Users/izzhafeez/Documents/Documents - Izz’s MacBook Pro/School-3/CS4218/cs4218-2420-ecom-project-team16/client/src/components/Routes/AdminRoute.js">
        <metrics statements="10" coveredstatements="0" conditionals="6" coveredconditionals="0" methods="3" coveredmethods="0"/>
        <line num="9" count="0" type="stmt"/>
        <line num="10" count="0" type="stmt"/>
        <line num="12" count="0" type="stmt"/>
        <line num="13" count="0" type="stmt"/>
        <line num="14" count="0" type="stmt"/>
        <line num="15" count="0" type="cond" truecount="0" falsecount="2"/>
        <line num="16" count="0" type="stmt"/>
        <line num="18" count="0" type="stmt"/>
        <line num="21" count="0" type="cond" truecount="0" falsecount="2"/>
        <line num="24" count="0" type="cond" truecount="0" falsecount="2"/>
      </file>
      <file name="Private.js" path="/Users/izzhafeez/Documents/Documents - Izz’s MacBook Pro/School-3/CS4218/cs4218-2420-ecom-project-team16/client/src/components/Routes/Private.js">
        <metrics statements="10" coveredstatements="0" conditionals="6" coveredconditionals="0" methods="3" coveredmethods="0"/>
        <line num="9" count="0" type="stmt"/>
        <line num="10" count="0" type="stmt"/>
        <line num="12" count="0" type="stmt"/>
        <line num="13" count="0" type="stmt"/>
        <line num="14" count="0" type="stmt"/>
        <line num="15" count="0" type="cond" truecount="0" falsecount="2"/>
        <line num="16" count="0" type="stmt"/>
        <line num="18" count="0" type="stmt"/>
        <line num="21" count="0" type="cond" truecount="0" falsecount="2"/>
        <line num="24" count="0" type="cond" truecount="0" falsecount="2"/>
      </file>
    </package>
    <package name="pages">
      <metrics statements="174" coveredstatements="97" conditionals="57" coveredconditionals="39" methods="52" coveredmethods="26"/>
      <file name="About.js" path="/Users/izzhafeez/Documents/Documents - Izz’s MacBook Pro/School-3/CS4218/cs4218-2420-ecom-project-team16/client/src/pages/About.js">
        <metrics statements="2" coveredstatements="2" conditionals="0" coveredconditionals="0" methods="1" coveredmethods="1"/>
        <line num="4" count="1" type="stmt"/>
        <line num="5" count="3" type="stmt"/>
      </file>
      <file name="CartPage.js" path="/Users/izzhafeez/Documents/Documents - Izz’s MacBook Pro/School-3/CS4218/cs4218-2420-ecom-project-team16/client/src/pages/CartPage.js">
        <metrics statements="50" coveredstatements="50" conditionals="30" coveredconditionals="30" methods="12" coveredmethods="12"/>
        <line num="12" count="1" type="stmt"/>
        <line num="13" count="57" type="stmt"/>
        <line num="14" count="57" type="stmt"/>
        <line num="15" count="57" type="stmt"/>
        <line num="16" count="57" type="stmt"/>
        <line num="17" count="57" type="stmt"/>
        <line num="18" count="57" type="stmt"/>
        <line num="21" count="57" type="stmt"/>
        <line num="22" count="57" type="stmt"/>
        <line num="23" count="57" type="stmt"/>
        <line num="24" count="57" type="stmt"/>
        <line num="25" count="54" type="cond" truecount="2" falsecount="0"/>
        <line num="26" count="4" type="stmt"/>
        <line num="29" count="50" type="cond" truecount="2" falsecount="0"/>
        <line num="30" count="4" type="stmt"/>
        <line num="32" count="46" type="stmt"/>
        <line num="35" count="49" type="stmt"/>
        <line num="40" count="8" type="stmt"/>
        <line num="44" count="57" type="stmt"/>
        <line num="45" count="3" type="stmt"/>
        <line num="46" count="3" type="cond" truecount="2" falsecount="0"/>
        <line num="47" count="2" type="stmt"/>
        <line num="48" count="1" type="stmt"/>
        <line num="49" count="1" type="stmt"/>
        <line num="51" count="2" type="stmt"/>
        <line num="56" count="57" type="stmt"/>
        <line num="57" count="26" type="stmt"/>
        <line num="58" count="26" type="stmt"/>
        <line num="59" count="25" type="stmt"/>
        <line num="61" count="1" type="stmt"/>
        <line num="65" count="57" type="stmt"/>
        <line num="66" count="26" type="stmt"/>
        <line num="70" count="57" type="stmt"/>
        <line num="71" count="2" type="stmt"/>
        <line num="72" count="2" type="stmt"/>
        <line num="73" count="2" type="stmt"/>
        <line num="74" count="2" type="stmt"/>
        <line num="78" count="1" type="stmt"/>
        <line num="79" count="1" type="stmt"/>
        <line num="80" count="1" type="stmt"/>
        <line num="81" count="1" type="stmt"/>
        <line num="82" count="1" type="stmt"/>
        <line num="84" count="1" type="stmt"/>
        <line num="85" count="1" type="stmt"/>
        <line num="89" count="57" type="stmt"/>
        <line num="112" count="58" type="stmt"/>
        <line num="130" count="3" type="stmt"/>
        <line num="150" count="2" type="stmt"/>
        <line num="161" count="1" type="stmt"/>
        <line num="169" count="1" type="stmt"/>
      </file>
      <file name="Categories.js" path="/Users/izzhafeez/Documents/Documents - Izz’s MacBook Pro/School-3/CS4218/cs4218-2420-ecom-project-team16/client/src/pages/Categories.js">
        <metrics statements="4" coveredstatements="0" conditionals="0" coveredconditionals="0" methods="2" coveredmethods="0"/>
        <line num="5" count="0" type="stmt"/>
        <line num="6" count="0" type="stmt"/>
        <line num="7" count="0" type="stmt"/>
        <line num="12" count="0" type="stmt"/>
      </file>
      <file name="CategoryProduct.js" path="/Users/izzhafeez/Documents/Documents - Izz’s MacBook Pro/School-3/CS4218/cs4218-2420-ecom-project-team16/client/src/pages/CategoryProduct.js">
        <metrics statements="16" coveredstatements="0" conditionals="2" coveredconditionals="0" methods="5" coveredmethods="0"/>
        <line num="6" count="0" type="stmt"/>
        <line num="7" count="0" type="stmt"/>
        <line num="8" count="0" type="stmt"/>
        <line num="9" count="0" type="stmt"/>
        <line num="10" count="0" type="stmt"/>
        <line num="12" count="0" type="stmt"/>
        <line num="13" count="0" type="cond" truecount="0" falsecount="2"/>
        <line num="15" count="0" type="stmt"/>
        <line num="16" count="0" type="stmt"/>
        <line num="17" count="0" type="stmt"/>
        <line num="20" count="0" type="stmt"/>
        <line num="21" count="0" type="stmt"/>
        <line num="23" count="0" type="stmt"/>
        <line num="27" count="0" type="stmt"/>
        <line num="36" count="0" type="stmt"/>
        <line num="58" count="0" type="stmt"/>
      </file>
      <file name="Contact.js" path="/Users/izzhafeez/Documents/Documents - Izz’s MacBook Pro/School-3/CS4218/cs4218-2420-ecom-project-team16/client/src/pages/Contact.js">
        <metrics statements="2" coveredstatements="2" conditionals="0" coveredconditionals="0" methods="1" coveredmethods="1"/>
        <line num="4" count="1" type="stmt"/>
        <line num="5" count="4" type="stmt"/>
      </file>
      <file name="HomePage.js" path="/Users/izzhafeez/Documents/Documents - Izz’s MacBook Pro/School-3/CS4218/cs4218-2420-ecom-project-team16/client/src/pages/HomePage.js">
        <metrics statements="71" coveredstatements="41" conditionals="19" coveredconditionals="9" methods="21" coveredmethods="11"/>
        <line num="12" count="1" type="stmt"/>
        <line num="13" count="15" type="stmt"/>
        <line num="14" count="15" type="stmt"/>
        <line num="15" count="15" type="stmt"/>
        <line num="16" count="15" type="stmt"/>
        <line num="17" count="15" type="stmt"/>
        <line num="18" count="15" type="stmt"/>
        <line num="19" count="15" type="stmt"/>
        <line num="20" count="15" type="stmt"/>
        <line num="21" count="15" type="stmt"/>
        <line num="24" count="15" type="stmt"/>
        <line num="25" count="5" type="stmt"/>
        <line num="26" count="5" type="stmt"/>
        <line num="27" count="5" type="cond" truecount="1" falsecount="1"/>
        <line num="28" count="5" type="stmt"/>
        <line num="31" count="0" type="stmt"/>
        <line num="35" count="15" type="stmt"/>
        <line num="36" count="5" type="stmt"/>
        <line num="37" count="5" type="stmt"/>
        <line num="40" count="15" type="stmt"/>
        <line num="41" count="5" type="stmt"/>
        <line num="42" count="5" type="stmt"/>
        <line num="43" count="5" type="stmt"/>
        <line num="44" count="5" type="stmt"/>
        <line num="45" count="5" type="stmt"/>
        <line num="47" count="0" type="stmt"/>
        <line num="48" count="0" type="stmt"/>
        <line num="53" count="15" type="stmt"/>
        <line num="54" count="5" type="stmt"/>
        <line num="55" count="5" type="stmt"/>
        <line num="56" count="5" type="stmt"/>
        <line num="58" count="0" type="stmt"/>
        <line num="62" count="15" type="stmt"/>
        <line num="63" count="5" type="cond" truecount="1" falsecount="1"/>
        <line num="64" count="0" type="stmt"/>
        <line num="67" count="15" type="stmt"/>
        <line num="68" count="0" type="stmt"/>
        <line num="69" count="0" type="stmt"/>
        <line num="70" count="0" type="stmt"/>
        <line num="71" count="0" type="stmt"/>
        <line num="72" count="0" type="stmt"/>
        <line num="74" count="0" type="stmt"/>
        <line num="75" count="0" type="stmt"/>
        <line num="80" count="15" type="stmt"/>
        <line num="81" count="0" type="stmt"/>
        <line num="82" count="0" type="cond" truecount="0" falsecount="2"/>
        <line num="83" count="0" type="stmt"/>
        <line num="85" count="0" type="stmt"/>
        <line num="87" count="0" type="stmt"/>
        <line num="89" count="15" type="stmt"/>
        <line num="90" count="5" type="cond" truecount="2" falsecount="2"/>
        <line num="93" count="15" type="stmt"/>
        <line num="94" count="5" type="cond" truecount="3" falsecount="1"/>
        <line num="98" count="15" type="stmt"/>
        <line num="99" count="0" type="stmt"/>
        <line num="100" count="0" type="stmt"/>
        <line num="104" count="0" type="stmt"/>
        <line num="106" count="0" type="stmt"/>
        <line num="109" count="15" type="stmt"/>
        <line num="124" count="10" type="stmt"/>
        <line num="126" count="0" type="stmt"/>
        <line num="135" count="0" type="stmt"/>
        <line num="137" count="30" type="stmt"/>
        <line num="146" count="0" type="stmt"/>
        <line num="156" count="10" type="stmt"/>
        <line num="178" count="0" type="stmt"/>
        <line num="185" count="0" type="stmt"/>
        <line num="186" count="0" type="stmt"/>
        <line num="190" count="0" type="stmt"/>
        <line num="205" count="0" type="stmt"/>
        <line num="206" count="0" type="stmt"/>
      </file>
      <file name="Pagenotfound.js" path="/Users/izzhafeez/Documents/Documents - Izz’s MacBook Pro/School-3/CS4218/cs4218-2420-ecom-project-team16/client/src/pages/Pagenotfound.js">
        <metrics statements="2" coveredstatements="0" conditionals="0" coveredconditionals="0" methods="1" coveredmethods="0"/>
        <line num="5" count="0" type="stmt"/>
        <line num="6" count="0" type="stmt"/>
      </file>
      <file name="Policy.js" path="/Users/izzhafeez/Documents/Documents - Izz’s MacBook Pro/School-3/CS4218/cs4218-2420-ecom-project-team16/client/src/pages/Policy.js">
        <metrics statements="2" coveredstatements="2" conditionals="0" coveredconditionals="0" methods="1" coveredmethods="1"/>
        <line num="4" count="1" type="stmt"/>
        <line num="5" count="1" type="stmt"/>
      </file>
      <file name="ProductDetails.js" path="/Users/izzhafeez/Documents/Documents - Izz’s MacBook Pro/School-3/CS4218/cs4218-2420-ecom-project-team16/client/src/pages/ProductDetails.js">
        <metrics statements="21" coveredstatements="0" conditionals="4" coveredconditionals="0" methods="6" coveredmethods="0"/>
        <line num="7" count="0" type="stmt"/>
        <line num="8" count="0" type="stmt"/>
        <line num="9" count="0" type="stmt"/>
        <line num="10" count="0" type="stmt"/>
        <line num="11" count="0" type="stmt"/>
        <line num="14" count="0" type="stmt"/>
        <line num="15" count="0" type="cond" truecount="0" falsecount="2"/>
        <line num="18" count="0" type="stmt"/>
        <line num="19" count="0" type="stmt"/>
        <line num="20" count="0" type="stmt"/>
        <line num="23" count="0" type="stmt"/>
        <line num="24" count="0" type="stmt"/>
        <line num="26" count="0" type="stmt"/>
        <line num="30" count="0" type="stmt"/>
        <line num="31" count="0" type="stmt"/>
        <line num="32" count="0" type="stmt"/>
        <line num="35" count="0" type="stmt"/>
        <line num="37" count="0" type="stmt"/>
        <line num="40" count="0" type="stmt"/>
        <line num="76" count="0" type="stmt"/>
        <line num="98" count="0" type="stmt"/>
      </file>
      <file name="Search.js" path="/Users/izzhafeez/Documents/Documents - Izz’s MacBook Pro/School-3/CS4218/cs4218-2420-ecom-project-team16/client/src/pages/Search.js">
        <metrics statements="4" coveredstatements="0" conditionals="2" coveredconditionals="0" methods="2" coveredmethods="0"/>
        <line num="4" count="0" type="stmt"/>
        <line num="5" count="0" type="stmt"/>
        <line num="6" count="0" type="stmt"/>
        <line num="18" count="0" type="stmt"/>
      </file>
    </package>
  </project>
</coverage>
