{"C:\\Users\\jamco\\Desktop\\repos\\cs4218-2420-ecom-project-team16\\controllers\\authController.js": {"path":"C:\\Users\\jamco\\Desktop\\repos\\cs4218-2420-ecom-project-team16\\controllers\\authController.js","statementMap":{"0":{"start":{"line":7,"column":34},"end":{"line":68,"column":1}},"1":{"start":{"line":8,"column":2},"end":{"line":67,"column":3}},"2":{"start":{"line":9,"column":62},"end":{"line":9,"column":70}},"3":{"start":{"line":11,"column":4},"end":{"line":13,"column":5}},"4":{"start":{"line":12,"column":6},"end":{"line":12,"column":53}},"5":{"start":{"line":14,"column":4},"end":{"line":16,"column":5}},"6":{"start":{"line":15,"column":6},"end":{"line":15,"column":56}},"7":{"start":{"line":17,"column":4},"end":{"line":19,"column":5}},"8":{"start":{"line":18,"column":6},"end":{"line":18,"column":59}},"9":{"start":{"line":20,"column":4},"end":{"line":22,"column":5}},"10":{"start":{"line":21,"column":6},"end":{"line":21,"column":59}},"11":{"start":{"line":23,"column":4},"end":{"line":25,"column":5}},"12":{"start":{"line":24,"column":6},"end":{"line":24,"column":58}},"13":{"start":{"line":26,"column":4},"end":{"line":28,"column":5}},"14":{"start":{"line":27,"column":6},"end":{"line":27,"column":57}},"15":{"start":{"line":30,"column":4},"end":{"line":32,"column":5}},"16":{"start":{"line":31,"column":6},"end":{"line":31,"column":51}},"17":{"start":{"line":35,"column":26},"end":{"line":35,"column":60}},"18":{"start":{"line":37,"column":4},"end":{"line":42,"column":5}},"19":{"start":{"line":38,"column":6},"end":{"line":41,"column":9}},"20":{"start":{"line":44,"column":27},"end":{"line":44,"column":55}},"21":{"start":{"line":46,"column":17},"end":{"line":53,"column":13}},"22":{"start":{"line":55,"column":4},"end":{"line":59,"column":7}},"23":{"start":{"line":61,"column":4},"end":{"line":61,"column":23}},"24":{"start":{"line":62,"column":4},"end":{"line":66,"column":7}},"25":{"start":{"line":71,"column":31},"end":{"line":121,"column":1}},"26":{"start":{"line":72,"column":2},"end":{"line":120,"column":3}},"27":{"start":{"line":73,"column":32},"end":{"line":73,"column":40}},"28":{"start":{"line":75,"column":4},"end":{"line":80,"column":5}},"29":{"start":{"line":76,"column":6},"end":{"line":79,"column":9}},"30":{"start":{"line":82,"column":17},"end":{"line":82,"column":51}},"31":{"start":{"line":83,"column":4},"end":{"line":88,"column":5}},"32":{"start":{"line":84,"column":6},"end":{"line":87,"column":9}},"33":{"start":{"line":89,"column":18},"end":{"line":89,"column":64}},"34":{"start":{"line":90,"column":4},"end":{"line":95,"column":5}},"35":{"start":{"line":91,"column":6},"end":{"line":94,"column":9}},"36":{"start":{"line":97,"column":18},"end":{"line":99,"column":6}},"37":{"start":{"line":100,"column":4},"end":{"line":112,"column":7}},"38":{"start":{"line":114,"column":4},"end":{"line":114,"column":23}},"39":{"start":{"line":115,"column":4},"end":{"line":119,"column":7}},"40":{"start":{"line":125,"column":40},"end":{"line":160,"column":1}},"41":{"start":{"line":126,"column":2},"end":{"line":159,"column":3}},"42":{"start":{"line":127,"column":43},"end":{"line":127,"column":51}},"43":{"start":{"line":128,"column":4},"end":{"line":130,"column":5}},"44":{"start":{"line":129,"column":6},"end":{"line":129,"column":61}},"45":{"start":{"line":131,"column":4},"end":{"line":133,"column":5}},"46":{"start":{"line":132,"column":6},"end":{"line":132,"column":62}},"47":{"start":{"line":134,"column":4},"end":{"line":136,"column":5}},"48":{"start":{"line":135,"column":6},"end":{"line":135,"column":68}},"49":{"start":{"line":138,"column":17},"end":{"line":138,"column":59}},"50":{"start":{"line":140,"column":4},"end":{"line":145,"column":5}},"51":{"start":{"line":141,"column":6},"end":{"line":144,"column":9}},"52":{"start":{"line":146,"column":19},"end":{"line":146,"column":50}},"53":{"start":{"line":147,"column":4},"end":{"line":147,"column":70}},"54":{"start":{"line":148,"column":4},"end":{"line":151,"column":7}},"55":{"start":{"line":153,"column":4},"end":{"line":153,"column":23}},"56":{"start":{"line":154,"column":4},"end":{"line":158,"column":7}},"57":{"start":{"line":163,"column":30},"end":{"line":170,"column":1}},"58":{"start":{"line":164,"column":2},"end":{"line":169,"column":3}},"59":{"start":{"line":165,"column":4},"end":{"line":165,"column":33}},"60":{"start":{"line":167,"column":4},"end":{"line":167,"column":23}},"61":{"start":{"line":168,"column":4},"end":{"line":168,"column":24}},"62":{"start":{"line":173,"column":39},"end":{"line":205,"column":1}},"63":{"start":{"line":174,"column":2},"end":{"line":204,"column":3}},"64":{"start":{"line":175,"column":54},"end":{"line":175,"column":62}},"65":{"start":{"line":176,"column":17},"end":{"line":176,"column":55}},"66":{"start":{"line":177,"column":4},"end":{"line":179,"column":5}},"67":{"start":{"line":178,"column":6},"end":{"line":178,"column":92}},"68":{"start":{"line":181,"column":27},"end":{"line":181,"column":78}},"69":{"start":{"line":182,"column":24},"end":{"line":191,"column":5}},"70":{"start":{"line":192,"column":4},"end":{"line":196,"column":7}},"71":{"start":{"line":198,"column":4},"end":{"line":198,"column":23}},"72":{"start":{"line":199,"column":4},"end":{"line":203,"column":7}},"73":{"start":{"line":208,"column":35},"end":{"line":223,"column":1}},"74":{"start":{"line":209,"column":2},"end":{"line":222,"column":3}},"75":{"start":{"line":210,"column":19},"end":{"line":213,"column":32}},"76":{"start":{"line":214,"column":4},"end":{"line":214,"column":21}},"77":{"start":{"line":216,"column":4},"end":{"line":216,"column":23}},"78":{"start":{"line":217,"column":4},"end":{"line":221,"column":7}},"79":{"start":{"line":225,"column":38},"end":{"line":241,"column":1}},"80":{"start":{"line":226,"column":2},"end":{"line":240,"column":3}},"81":{"start":{"line":227,"column":19},"end":{"line":231,"column":30}},"82":{"start":{"line":232,"column":4},"end":{"line":232,"column":21}},"83":{"start":{"line":234,"column":4},"end":{"line":234,"column":23}},"84":{"start":{"line":235,"column":4},"end":{"line":239,"column":7}},"85":{"start":{"line":244,"column":37},"end":{"line":262,"column":1}},"86":{"start":{"line":245,"column":2},"end":{"line":261,"column":3}},"87":{"start":{"line":246,"column":24},"end":{"line":246,"column":34}},"88":{"start":{"line":247,"column":23},"end":{"line":247,"column":31}},"89":{"start":{"line":248,"column":19},"end":{"line":252,"column":5}},"90":{"start":{"line":253,"column":4},"end":{"line":253,"column":21}},"91":{"start":{"line":255,"column":4},"end":{"line":255,"column":23}},"92":{"start":{"line":256,"column":4},"end":{"line":260,"column":7}}},"fnMap":{"0":{"name":"(anonymous_0)","decl":{"start":{"line":7,"column":34},"end":{"line":7,"column":35}},"loc":{"start":{"line":7,"column":54},"end":{"line":68,"column":1}},"line":7},"1":{"name":"(anonymous_1)","decl":{"start":{"line":71,"column":31},"end":{"line":71,"column":32}},"loc":{"start":{"line":71,"column":51},"end":{"line":121,"column":1}},"line":71},"2":{"name":"(anonymous_2)","decl":{"start":{"line":125,"column":40},"end":{"line":125,"column":41}},"loc":{"start":{"line":125,"column":60},"end":{"line":160,"column":1}},"line":125},"3":{"name":"(anonymous_3)","decl":{"start":{"line":163,"column":30},"end":{"line":163,"column":31}},"loc":{"start":{"line":163,"column":44},"end":{"line":170,"column":1}},"line":163},"4":{"name":"(anonymous_4)","decl":{"start":{"line":173,"column":39},"end":{"line":173,"column":40}},"loc":{"start":{"line":173,"column":59},"end":{"line":205,"column":1}},"line":173},"5":{"name":"(anonymous_5)","decl":{"start":{"line":208,"column":35},"end":{"line":208,"column":36}},"loc":{"start":{"line":208,"column":55},"end":{"line":223,"column":1}},"line":208},"6":{"name":"(anonymous_6)","decl":{"start":{"line":225,"column":38},"end":{"line":225,"column":39}},"loc":{"start":{"line":225,"column":58},"end":{"line":241,"column":1}},"line":225},"7":{"name":"(anonymous_7)","decl":{"start":{"line":244,"column":37},"end":{"line":244,"column":38}},"loc":{"start":{"line":244,"column":57},"end":{"line":262,"column":1}},"line":244}},"branchMap":{"0":{"loc":{"start":{"line":11,"column":4},"end":{"line":13,"column":5}},"type":"if","locations":[{"start":{"line":11,"column":4},"end":{"line":13,"column":5}},{"start":{},"end":{}}],"line":11},"1":{"loc":{"start":{"line":14,"column":4},"end":{"line":16,"column":5}},"type":"if","locations":[{"start":{"line":14,"column":4},"end":{"line":16,"column":5}},{"start":{},"end":{}}],"line":14},"2":{"loc":{"start":{"line":17,"column":4},"end":{"line":19,"column":5}},"type":"if","locations":[{"start":{"line":17,"column":4},"end":{"line":19,"column":5}},{"start":{},"end":{}}],"line":17},"3":{"loc":{"start":{"line":20,"column":4},"end":{"line":22,"column":5}},"type":"if","locations":[{"start":{"line":20,"column":4},"end":{"line":22,"column":5}},{"start":{},"end":{}}],"line":20},"4":{"loc":{"start":{"line":23,"column":4},"end":{"line":25,"column":5}},"type":"if","locations":[{"start":{"line":23,"column":4},"end":{"line":25,"column":5}},{"start":{},"end":{}}],"line":23},"5":{"loc":{"start":{"line":26,"column":4},"end":{"line":28,"column":5}},"type":"if","locations":[{"start":{"line":26,"column":4},"end":{"line":28,"column":5}},{"start":{},"end":{}}],"line":26},"6":{"loc":{"start":{"line":30,"column":4},"end":{"line":32,"column":5}},"type":"if","locations":[{"start":{"line":30,"column":4},"end":{"line":32,"column":5}},{"start":{},"end":{}}],"line":30},"7":{"loc":{"start":{"line":37,"column":4},"end":{"line":42,"column":5}},"type":"if","locations":[{"start":{"line":37,"column":4},"end":{"line":42,"column":5}},{"start":{},"end":{}}],"line":37},"8":{"loc":{"start":{"line":75,"column":4},"end":{"line":80,"column":5}},"type":"if","locations":[{"start":{"line":75,"column":4},"end":{"line":80,"column":5}},{"start":{},"end":{}}],"line":75},"9":{"loc":{"start":{"line":75,"column":8},"end":{"line":75,"column":27}},"type":"binary-expr","locations":[{"start":{"line":75,"column":8},"end":{"line":75,"column":14}},{"start":{"line":75,"column":18},"end":{"line":75,"column":27}}],"line":75},"10":{"loc":{"start":{"line":83,"column":4},"end":{"line":88,"column":5}},"type":"if","locations":[{"start":{"line":83,"column":4},"end":{"line":88,"column":5}},{"start":{},"end":{}}],"line":83},"11":{"loc":{"start":{"line":90,"column":4},"end":{"line":95,"column":5}},"type":"if","locations":[{"start":{"line":90,"column":4},"end":{"line":95,"column":5}},{"start":{},"end":{}}],"line":90},"12":{"loc":{"start":{"line":128,"column":4},"end":{"line":130,"column":5}},"type":"if","locations":[{"start":{"line":128,"column":4},"end":{"line":130,"column":5}},{"start":{},"end":{}}],"line":128},"13":{"loc":{"start":{"line":131,"column":4},"end":{"line":133,"column":5}},"type":"if","locations":[{"start":{"line":131,"column":4},"end":{"line":133,"column":5}},{"start":{},"end":{}}],"line":131},"14":{"loc":{"start":{"line":134,"column":4},"end":{"line":136,"column":5}},"type":"if","locations":[{"start":{"line":134,"column":4},"end":{"line":136,"column":5}},{"start":{},"end":{}}],"line":134},"15":{"loc":{"start":{"line":140,"column":4},"end":{"line":145,"column":5}},"type":"if","locations":[{"start":{"line":140,"column":4},"end":{"line":145,"column":5}},{"start":{},"end":{}}],"line":140},"16":{"loc":{"start":{"line":177,"column":4},"end":{"line":179,"column":5}},"type":"if","locations":[{"start":{"line":177,"column":4},"end":{"line":179,"column":5}},{"start":{},"end":{}}],"line":177},"17":{"loc":{"start":{"line":177,"column":8},"end":{"line":177,"column":39}},"type":"binary-expr","locations":[{"start":{"line":177,"column":8},"end":{"line":177,"column":16}},{"start":{"line":177,"column":20},"end":{"line":177,"column":39}}],"line":177},"18":{"loc":{"start":{"line":181,"column":27},"end":{"line":181,"column":78}},"type":"cond-expr","locations":[{"start":{"line":181,"column":38},"end":{"line":181,"column":66}},{"start":{"line":181,"column":69},"end":{"line":181,"column":78}}],"line":181},"19":{"loc":{"start":{"line":185,"column":14},"end":{"line":185,"column":31}},"type":"binary-expr","locations":[{"start":{"line":185,"column":14},"end":{"line":185,"column":18}},{"start":{"line":185,"column":22},"end":{"line":185,"column":31}}],"line":185},"20":{"loc":{"start":{"line":186,"column":18},"end":{"line":186,"column":49}},"type":"binary-expr","locations":[{"start":{"line":186,"column":18},"end":{"line":186,"column":32}},{"start":{"line":186,"column":36},"end":{"line":186,"column":49}}],"line":186},"21":{"loc":{"start":{"line":187,"column":15},"end":{"line":187,"column":34}},"type":"binary-expr","locations":[{"start":{"line":187,"column":15},"end":{"line":187,"column":20}},{"start":{"line":187,"column":24},"end":{"line":187,"column":34}}],"line":187},"22":{"loc":{"start":{"line":188,"column":17},"end":{"line":188,"column":40}},"type":"binary-expr","locations":[{"start":{"line":188,"column":17},"end":{"line":188,"column":24}},{"start":{"line":188,"column":28},"end":{"line":188,"column":40}}],"line":188}},"s":{"0":0,"1":0,"2":0,"3":0,"4":0,"5":0,"6":0,"7":0,"8":0,"9":0,"10":0,"11":0,"12":0,"13":0,"14":0,"15":0,"16":0,"17":0,"18":0,"19":0,"20":0,"21":0,"22":0,"23":0,"24":0,"25":0,"26":0,"27":0,"28":0,"29":0,"30":0,"31":0,"32":0,"33":0,"34":0,"35":0,"36":0,"37":0,"38":0,"39":0,"40":0,"41":0,"42":0,"43":0,"44":0,"45":0,"46":0,"47":0,"48":0,"49":0,"50":0,"51":0,"52":0,"53":0,"54":0,"55":0,"56":0,"57":0,"58":0,"59":0,"60":0,"61":0,"62":0,"63":0,"64":0,"65":0,"66":0,"67":0,"68":0,"69":0,"70":0,"71":0,"72":0,"73":0,"74":0,"75":0,"76":0,"77":0,"78":0,"79":0,"80":0,"81":0,"82":0,"83":0,"84":0,"85":0,"86":0,"87":0,"88":0,"89":0,"90":0,"91":0,"92":0},"f":{"0":0,"1":0,"2":0,"3":0,"4":0,"5":0,"6":0,"7":0},"b":{"0":[0,0],"1":[0,0],"2":[0,0],"3":[0,0],"4":[0,0],"5":[0,0],"6":[0,0],"7":[0,0],"8":[0,0],"9":[0,0],"10":[0,0],"11":[0,0],"12":[0,0],"13":[0,0],"14":[0,0],"15":[0,0],"16":[0,0],"17":[0,0],"18":[0,0],"19":[0,0],"20":[0,0],"21":[0,0],"22":[0,0]}}
,"C:\\Users\\jamco\\Desktop\\repos\\cs4218-2420-ecom-project-team16\\controllers\\authController.test.js": {"path":"C:\\Users\\jamco\\Desktop\\repos\\cs4218-2420-ecom-project-team16\\controllers\\authController.test.js","statementMap":{"0":{"start":{"line":8,"column":0},"end":{"line":8,"column":36}},"1":{"start":{"line":9,"column":0},"end":{"line":9,"column":38}},"2":{"start":{"line":10,"column":0},"end":{"line":10,"column":26}},"3":{"start":{"line":11,"column":0},"end":{"line":11,"column":37}},"4":{"start":{"line":13,"column":0},"end":{"line":89,"column":3}},"5":{"start":{"line":16,"column":2},"end":{"line":32,"column":5}},"6":{"start":{"line":17,"column":4},"end":{"line":17,"column":25}},"7":{"start":{"line":18,"column":4},"end":{"line":27,"column":6}},"8":{"start":{"line":28,"column":4},"end":{"line":31,"column":6}},"9":{"start":{"line":34,"column":2},"end":{"line":42,"column":5}},"10":{"start":{"line":37,"column":4},"end":{"line":37,"column":58}},"11":{"start":{"line":38,"column":4},"end":{"line":38,"column":41}},"12":{"start":{"line":40,"column":4},"end":{"line":40,"column":39}},"13":{"start":{"line":41,"column":4},"end":{"line":41,"column":60}},"14":{"start":{"line":44,"column":2},"end":{"line":54,"column":5}},"15":{"start":{"line":45,"column":4},"end":{"line":45,"column":38}},"16":{"start":{"line":48,"column":4},"end":{"line":48,"column":70}},"17":{"start":{"line":49,"column":4},"end":{"line":49,"column":41}},"18":{"start":{"line":51,"column":4},"end":{"line":51,"column":39}},"19":{"start":{"line":52,"column":4},"end":{"line":52,"column":60}},"20":{"start":{"line":53,"column":4},"end":{"line":53,"column":49}},"21":{"start":{"line":56,"column":2},"end":{"line":66,"column":5}},"22":{"start":{"line":57,"column":4},"end":{"line":57,"column":38}},"23":{"start":{"line":60,"column":4},"end":{"line":60,"column":58}},"24":{"start":{"line":61,"column":4},"end":{"line":61,"column":41}},"25":{"start":{"line":63,"column":4},"end":{"line":63,"column":39}},"26":{"start":{"line":64,"column":4},"end":{"line":64,"column":56}},"27":{"start":{"line":65,"column":4},"end":{"line":65,"column":49}},"28":{"start":{"line":68,"column":2},"end":{"line":77,"column":4}},"29":{"start":{"line":69,"column":4},"end":{"line":69,"column":38}},"30":{"start":{"line":72,"column":4},"end":{"line":72,"column":97}},"31":{"start":{"line":73,"column":4},"end":{"line":73,"column":41}},"32":{"start":{"line":75,"column":4},"end":{"line":75,"column":39}},"33":{"start":{"line":76,"column":4},"end":{"line":76,"column":49}},"34":{"start":{"line":79,"column":2},"end":{"line":88,"column":5}},"35":{"start":{"line":80,"column":4},"end":{"line":80,"column":38}},"36":{"start":{"line":83,"column":4},"end":{"line":83,"column":58}},"37":{"start":{"line":84,"column":4},"end":{"line":84,"column":102}},"38":{"start":{"line":86,"column":4},"end":{"line":86,"column":39}},"39":{"start":{"line":87,"column":4},"end":{"line":87,"column":49}},"40":{"start":{"line":91,"column":0},"end":{"line":186,"column":3}},"41":{"start":{"line":94,"column":2},"end":{"line":106,"column":5}},"42":{"start":{"line":95,"column":4},"end":{"line":95,"column":25}},"43":{"start":{"line":96,"column":4},"end":{"line":101,"column":6}},"44":{"start":{"line":102,"column":4},"end":{"line":105,"column":6}},"45":{"start":{"line":108,"column":2},"end":{"line":117,"column":5}},"46":{"start":{"line":109,"column":4},"end":{"line":109,"column":29}},"47":{"start":{"line":111,"column":4},"end":{"line":111,"column":36}},"48":{"start":{"line":112,"column":4},"end":{"line":112,"column":49}},"49":{"start":{"line":113,"column":4},"end":{"line":116,"column":7}},"50":{"start":{"line":119,"column":2},"end":{"line":130,"column":5}},"51":{"start":{"line":121,"column":4},"end":{"line":121,"column":58}},"52":{"start":{"line":123,"column":4},"end":{"line":123,"column":36}},"53":{"start":{"line":125,"column":4},"end":{"line":125,"column":49}},"54":{"start":{"line":126,"column":4},"end":{"line":129,"column":7}},"55":{"start":{"line":132,"column":2},"end":{"line":147,"column":5}},"56":{"start":{"line":133,"column":6},"end":{"line":139,"column":72}},"57":{"start":{"line":140,"column":6},"end":{"line":140,"column":47}},"58":{"start":{"line":141,"column":6},"end":{"line":141,"column":38}},"59":{"start":{"line":142,"column":6},"end":{"line":142,"column":51}},"60":{"start":{"line":143,"column":6},"end":{"line":146,"column":9}},"61":{"start":{"line":149,"column":2},"end":{"line":155,"column":5}},"62":{"start":{"line":150,"column":4},"end":{"line":150,"column":81}},"63":{"start":{"line":151,"column":4},"end":{"line":151,"column":41}},"64":{"start":{"line":153,"column":4},"end":{"line":153,"column":36}},"65":{"start":{"line":154,"column":4},"end":{"line":154,"column":49}},"66":{"start":{"line":157,"column":2},"end":{"line":185,"column":5}},"67":{"start":{"line":158,"column":4},"end":{"line":164,"column":24}},"68":{"start":{"line":165,"column":4},"end":{"line":165,"column":44}},"69":{"start":{"line":167,"column":4},"end":{"line":167,"column":47}},"70":{"start":{"line":169,"column":4},"end":{"line":169,"column":36}},"71":{"start":{"line":170,"column":4},"end":{"line":170,"column":49}},"72":{"start":{"line":171,"column":4},"end":{"line":184,"column":9}},"73":{"start":{"line":188,"column":0},"end":{"line":248,"column":3}},"74":{"start":{"line":191,"column":2},"end":{"line":204,"column":5}},"75":{"start":{"line":192,"column":4},"end":{"line":192,"column":25}},"76":{"start":{"line":193,"column":4},"end":{"line":199,"column":6}},"77":{"start":{"line":200,"column":4},"end":{"line":203,"column":6}},"78":{"start":{"line":206,"column":2},"end":{"line":211,"column":5}},"79":{"start":{"line":207,"column":4},"end":{"line":207,"column":26}},"80":{"start":{"line":208,"column":4},"end":{"line":208,"column":45}},"81":{"start":{"line":210,"column":4},"end":{"line":210,"column":49}},"82":{"start":{"line":213,"column":2},"end":{"line":218,"column":5}},"83":{"start":{"line":214,"column":4},"end":{"line":214,"column":27}},"84":{"start":{"line":215,"column":4},"end":{"line":215,"column":45}},"85":{"start":{"line":217,"column":4},"end":{"line":217,"column":49}},"86":{"start":{"line":220,"column":2},"end":{"line":225,"column":5}},"87":{"start":{"line":221,"column":4},"end":{"line":221,"column":32}},"88":{"start":{"line":222,"column":4},"end":{"line":222,"column":45}},"89":{"start":{"line":224,"column":4},"end":{"line":224,"column":49}},"90":{"start":{"line":227,"column":2},"end":{"line":231,"column":5}},"91":{"start":{"line":228,"column":4},"end":{"line":228,"column":58}},"92":{"start":{"line":229,"column":4},"end":{"line":229,"column":45}},"93":{"start":{"line":230,"column":4},"end":{"line":230,"column":49}},"94":{"start":{"line":233,"column":2},"end":{"line":237,"column":5}},"95":{"start":{"line":234,"column":4},"end":{"line":234,"column":81}},"96":{"start":{"line":235,"column":4},"end":{"line":235,"column":45}},"97":{"start":{"line":236,"column":4},"end":{"line":236,"column":49}},"98":{"start":{"line":239,"column":2},"end":{"line":247,"column":5}},"99":{"start":{"line":240,"column":4},"end":{"line":240,"column":87}},"100":{"start":{"line":241,"column":4},"end":{"line":241,"column":47}},"101":{"start":{"line":242,"column":4},"end":{"line":242,"column":68}},"102":{"start":{"line":244,"column":4},"end":{"line":244,"column":45}},"103":{"start":{"line":245,"column":4},"end":{"line":245,"column":59}},"104":{"start":{"line":246,"column":4},"end":{"line":246,"column":49}},"105":{"start":{"line":250,"column":0},"end":{"line":278,"column":3}},"106":{"start":{"line":252,"column":2},"end":{"line":263,"column":5}},"107":{"start":{"line":253,"column":4},"end":{"line":253,"column":25}},"108":{"start":{"line":254,"column":4},"end":{"line":258,"column":6}},"109":{"start":{"line":259,"column":4},"end":{"line":262,"column":6}},"110":{"start":{"line":265,"column":2},"end":{"line":268,"column":5}},"111":{"start":{"line":266,"column":4},"end":{"line":266,"column":29}},"112":{"start":{"line":267,"column":4},"end":{"line":267,"column":62}},"113":{"start":{"line":270,"column":2},"end":{"line":277,"column":5}},"114":{"start":{"line":271,"column":4},"end":{"line":274,"column":9}},"115":{"start":{"line":273,"column":8},"end":{"line":273,"column":40}},"116":{"start":{"line":275,"column":4},"end":{"line":275,"column":29}},"117":{"start":{"line":276,"column":4},"end":{"line":276,"column":46}},"118":{"start":{"line":280,"column":0},"end":{"line":329,"column":3}},"119":{"start":{"line":282,"column":2},"end":{"line":301,"column":5}},"120":{"start":{"line":283,"column":4},"end":{"line":283,"column":25}},"121":{"start":{"line":284,"column":4},"end":{"line":295,"column":6}},"122":{"start":{"line":296,"column":4},"end":{"line":300,"column":6}},"123":{"start":{"line":303,"column":2},"end":{"line":309,"column":5}},"124":{"start":{"line":304,"column":4},"end":{"line":304,"column":32}},"125":{"start":{"line":305,"column":4},"end":{"line":305,"column":59}},"126":{"start":{"line":307,"column":4},"end":{"line":307,"column":44}},"127":{"start":{"line":308,"column":4},"end":{"line":308,"column":112}},"128":{"start":{"line":311,"column":2},"end":{"line":316,"column":5}},"129":{"start":{"line":312,"column":4},"end":{"line":312,"column":82}},"130":{"start":{"line":314,"column":4},"end":{"line":314,"column":44}},"131":{"start":{"line":315,"column":4},"end":{"line":315,"column":49}},"132":{"start":{"line":318,"column":2},"end":{"line":325,"column":5}},"133":{"start":{"line":319,"column":4},"end":{"line":319,"column":59}},"134":{"start":{"line":320,"column":4},"end":{"line":320,"column":45}},"135":{"start":{"line":321,"column":4},"end":{"line":321,"column":68}},"136":{"start":{"line":323,"column":4},"end":{"line":323,"column":44}},"137":{"start":{"line":324,"column":4},"end":{"line":324,"column":49}},"138":{"start":{"line":331,"column":0},"end":{"line":379,"column":3}},"139":{"start":{"line":333,"column":2},"end":{"line":345,"column":5}},"140":{"start":{"line":334,"column":4},"end":{"line":334,"column":25}},"141":{"start":{"line":335,"column":4},"end":{"line":339,"column":6}},"142":{"start":{"line":340,"column":4},"end":{"line":344,"column":6}},"143":{"start":{"line":347,"column":2},"end":{"line":353,"column":5}},"144":{"start":{"line":348,"column":4},"end":{"line":348,"column":49}},"145":{"start":{"line":349,"column":4},"end":{"line":349,"column":53}},"146":{"start":{"line":351,"column":4},"end":{"line":351,"column":40}},"147":{"start":{"line":352,"column":4},"end":{"line":352,"column":40}},"148":{"start":{"line":356,"column":2},"end":{"line":364,"column":5}},"149":{"start":{"line":357,"column":4},"end":{"line":359,"column":7}},"150":{"start":{"line":358,"column":6},"end":{"line":358,"column":40}},"151":{"start":{"line":360,"column":4},"end":{"line":360,"column":53}},"152":{"start":{"line":362,"column":4},"end":{"line":362,"column":40}},"153":{"start":{"line":363,"column":4},"end":{"line":363,"column":49}},"154":{"start":{"line":366,"column":2},"end":{"line":374,"column":5}},"155":{"start":{"line":367,"column":4},"end":{"line":367,"column":49}},"156":{"start":{"line":368,"column":4},"end":{"line":370,"column":7}},"157":{"start":{"line":369,"column":6},"end":{"line":369,"column":40}},"158":{"start":{"line":372,"column":4},"end":{"line":372,"column":40}},"159":{"start":{"line":373,"column":4},"end":{"line":373,"column":49}},"160":{"start":{"line":381,"column":0},"end":{"line":435,"column":3}},"161":{"start":{"line":383,"column":2},"end":{"line":390,"column":5}},"162":{"start":{"line":384,"column":4},"end":{"line":384,"column":25}},"163":{"start":{"line":385,"column":4},"end":{"line":389,"column":6}},"164":{"start":{"line":392,"column":2},"end":{"line":399,"column":5}},"165":{"start":{"line":393,"column":4},"end":{"line":393,"column":49}},"166":{"start":{"line":394,"column":4},"end":{"line":394,"column":53}},"167":{"start":{"line":395,"column":4},"end":{"line":395,"column":49}},"168":{"start":{"line":397,"column":4},"end":{"line":397,"column":43}},"169":{"start":{"line":398,"column":4},"end":{"line":398,"column":40}},"170":{"start":{"line":401,"column":2},"end":{"line":411,"column":5}},"171":{"start":{"line":402,"column":4},"end":{"line":404,"column":7}},"172":{"start":{"line":403,"column":6},"end":{"line":403,"column":40}},"173":{"start":{"line":405,"column":4},"end":{"line":405,"column":53}},"174":{"start":{"line":406,"column":4},"end":{"line":406,"column":49}},"175":{"start":{"line":409,"column":4},"end":{"line":409,"column":43}},"176":{"start":{"line":410,"column":4},"end":{"line":410,"column":49}},"177":{"start":{"line":413,"column":2},"end":{"line":423,"column":5}},"178":{"start":{"line":414,"column":4},"end":{"line":414,"column":49}},"179":{"start":{"line":415,"column":4},"end":{"line":417,"column":7}},"180":{"start":{"line":416,"column":6},"end":{"line":416,"column":40}},"181":{"start":{"line":418,"column":4},"end":{"line":418,"column":49}},"182":{"start":{"line":421,"column":4},"end":{"line":421,"column":43}},"183":{"start":{"line":422,"column":4},"end":{"line":422,"column":49}},"184":{"start":{"line":425,"column":2},"end":{"line":434,"column":5}},"185":{"start":{"line":426,"column":4},"end":{"line":426,"column":49}},"186":{"start":{"line":427,"column":4},"end":{"line":427,"column":53}},"187":{"start":{"line":428,"column":4},"end":{"line":430,"column":7}},"188":{"start":{"line":429,"column":6},"end":{"line":429,"column":40}},"189":{"start":{"line":432,"column":4},"end":{"line":432,"column":43}},"190":{"start":{"line":433,"column":4},"end":{"line":433,"column":49}},"191":{"start":{"line":437,"column":0},"end":{"line":469,"column":2}},"192":{"start":{"line":439,"column":2},"end":{"line":454,"column":5}},"193":{"start":{"line":440,"column":4},"end":{"line":440,"column":25}},"194":{"start":{"line":441,"column":4},"end":{"line":448,"column":6}},"195":{"start":{"line":449,"column":4},"end":{"line":453,"column":6}},"196":{"start":{"line":456,"column":2},"end":{"line":461,"column":5}},"197":{"start":{"line":457,"column":4},"end":{"line":457,"column":62}},"198":{"start":{"line":459,"column":4},"end":{"line":459,"column":42}},"199":{"start":{"line":460,"column":4},"end":{"line":460,"column":40}},"200":{"start":{"line":463,"column":2},"end":{"line":468,"column":4}},"201":{"start":{"line":464,"column":4},"end":{"line":464,"column":92}},"202":{"start":{"line":466,"column":4},"end":{"line":466,"column":42}},"203":{"start":{"line":467,"column":4},"end":{"line":467,"column":49}}},"fnMap":{"0":{"name":"(anonymous_0)","decl":{"start":{"line":13,"column":37},"end":{"line":13,"column":38}},"loc":{"start":{"line":13,"column":43},"end":{"line":89,"column":1}},"line":13},"1":{"name":"(anonymous_1)","decl":{"start":{"line":16,"column":13},"end":{"line":16,"column":14}},"loc":{"start":{"line":16,"column":19},"end":{"line":32,"column":3}},"line":16},"2":{"name":"(anonymous_2)","decl":{"start":{"line":34,"column":52},"end":{"line":34,"column":53}},"loc":{"start":{"line":34,"column":64},"end":{"line":42,"column":3}},"line":34},"3":{"name":"(anonymous_3)","decl":{"start":{"line":44,"column":49},"end":{"line":44,"column":50}},"loc":{"start":{"line":44,"column":61},"end":{"line":54,"column":3}},"line":44},"4":{"name":"(anonymous_4)","decl":{"start":{"line":56,"column":40},"end":{"line":56,"column":41}},"loc":{"start":{"line":56,"column":52},"end":{"line":66,"column":3}},"line":56},"5":{"name":"(anonymous_5)","decl":{"start":{"line":68,"column":47},"end":{"line":68,"column":48}},"loc":{"start":{"line":68,"column":59},"end":{"line":77,"column":3}},"line":68},"6":{"name":"(anonymous_6)","decl":{"start":{"line":79,"column":48},"end":{"line":79,"column":49}},"loc":{"start":{"line":79,"column":60},"end":{"line":88,"column":3}},"line":79},"7":{"name":"(anonymous_7)","decl":{"start":{"line":91,"column":35},"end":{"line":91,"column":36}},"loc":{"start":{"line":91,"column":41},"end":{"line":186,"column":1}},"line":91},"8":{"name":"(anonymous_8)","decl":{"start":{"line":94,"column":13},"end":{"line":94,"column":14}},"loc":{"start":{"line":94,"column":19},"end":{"line":106,"column":3}},"line":94},"9":{"name":"(anonymous_9)","decl":{"start":{"line":108,"column":53},"end":{"line":108,"column":54}},"loc":{"start":{"line":108,"column":65},"end":{"line":117,"column":3}},"line":108},"10":{"name":"(anonymous_10)","decl":{"start":{"line":119,"column":42},"end":{"line":119,"column":43}},"loc":{"start":{"line":119,"column":54},"end":{"line":130,"column":3}},"line":119},"11":{"name":"(anonymous_11)","decl":{"start":{"line":132,"column":46},"end":{"line":132,"column":47}},"loc":{"start":{"line":132,"column":58},"end":{"line":147,"column":3}},"line":132},"12":{"name":"(anonymous_12)","decl":{"start":{"line":149,"column":47},"end":{"line":149,"column":48}},"loc":{"start":{"line":149,"column":59},"end":{"line":155,"column":3}},"line":149},"13":{"name":"(anonymous_13)","decl":{"start":{"line":157,"column":27},"end":{"line":157,"column":28}},"loc":{"start":{"line":157,"column":39},"end":{"line":185,"column":3}},"line":157},"14":{"name":"(anonymous_14)","decl":{"start":{"line":188,"column":45},"end":{"line":188,"column":46}},"loc":{"start":{"line":188,"column":51},"end":{"line":248,"column":1}},"line":188},"15":{"name":"(anonymous_15)","decl":{"start":{"line":191,"column":13},"end":{"line":191,"column":14}},"loc":{"start":{"line":191,"column":19},"end":{"line":204,"column":3}},"line":191},"16":{"name":"(anonymous_16)","decl":{"start":{"line":206,"column":22},"end":{"line":206,"column":23}},"loc":{"start":{"line":206,"column":34},"end":{"line":211,"column":3}},"line":206},"17":{"name":"(anonymous_17)","decl":{"start":{"line":213,"column":23},"end":{"line":213,"column":24}},"loc":{"start":{"line":213,"column":35},"end":{"line":218,"column":3}},"line":213},"18":{"name":"(anonymous_18)","decl":{"start":{"line":220,"column":29},"end":{"line":220,"column":30}},"loc":{"start":{"line":220,"column":41},"end":{"line":225,"column":3}},"line":220},"19":{"name":"(anonymous_19)","decl":{"start":{"line":227,"column":42},"end":{"line":227,"column":43}},"loc":{"start":{"line":227,"column":54},"end":{"line":231,"column":3}},"line":227},"20":{"name":"(anonymous_20)","decl":{"start":{"line":233,"column":40},"end":{"line":233,"column":41}},"loc":{"start":{"line":233,"column":52},"end":{"line":237,"column":3}},"line":233},"21":{"name":"(anonymous_21)","decl":{"start":{"line":239,"column":42},"end":{"line":239,"column":43}},"loc":{"start":{"line":239,"column":54},"end":{"line":247,"column":3}},"line":239},"22":{"name":"(anonymous_22)","decl":{"start":{"line":250,"column":34},"end":{"line":250,"column":35}},"loc":{"start":{"line":250,"column":40},"end":{"line":278,"column":1}},"line":250},"23":{"name":"(anonymous_23)","decl":{"start":{"line":252,"column":13},"end":{"line":252,"column":14}},"loc":{"start":{"line":252,"column":19},"end":{"line":263,"column":3}},"line":252},"24":{"name":"(anonymous_24)","decl":{"start":{"line":265,"column":39},"end":{"line":265,"column":40}},"loc":{"start":{"line":265,"column":45},"end":{"line":268,"column":3}},"line":265},"25":{"name":"(anonymous_25)","decl":{"start":{"line":270,"column":43},"end":{"line":270,"column":44}},"loc":{"start":{"line":270,"column":49},"end":{"line":277,"column":3}},"line":270},"26":{"name":"(anonymous_26)","decl":{"start":{"line":272,"column":30},"end":{"line":272,"column":31}},"loc":{"start":{"line":272,"column":36},"end":{"line":274,"column":7}},"line":272},"27":{"name":"(anonymous_27)","decl":{"start":{"line":280,"column":44},"end":{"line":280,"column":45}},"loc":{"start":{"line":280,"column":50},"end":{"line":329,"column":1}},"line":280},"28":{"name":"(anonymous_28)","decl":{"start":{"line":282,"column":13},"end":{"line":282,"column":14}},"loc":{"start":{"line":282,"column":19},"end":{"line":301,"column":3}},"line":282},"29":{"name":"(anonymous_29)","decl":{"start":{"line":303,"column":33},"end":{"line":303,"column":34}},"loc":{"start":{"line":303,"column":45},"end":{"line":309,"column":3}},"line":303},"30":{"name":"(anonymous_30)","decl":{"start":{"line":311,"column":35},"end":{"line":311,"column":36}},"loc":{"start":{"line":311,"column":47},"end":{"line":316,"column":3}},"line":311},"31":{"name":"(anonymous_31)","decl":{"start":{"line":318,"column":28},"end":{"line":318,"column":29}},"loc":{"start":{"line":318,"column":40},"end":{"line":325,"column":3}},"line":318},"32":{"name":"(anonymous_32)","decl":{"start":{"line":331,"column":40},"end":{"line":331,"column":41}},"loc":{"start":{"line":331,"column":46},"end":{"line":379,"column":1}},"line":331},"33":{"name":"(anonymous_33)","decl":{"start":{"line":333,"column":13},"end":{"line":333,"column":14}},"loc":{"start":{"line":333,"column":19},"end":{"line":345,"column":3}},"line":333},"34":{"name":"(anonymous_34)","decl":{"start":{"line":347,"column":41},"end":{"line":347,"column":42}},"loc":{"start":{"line":347,"column":53},"end":{"line":353,"column":3}},"line":347},"35":{"name":"(anonymous_35)","decl":{"start":{"line":356,"column":42},"end":{"line":356,"column":43}},"loc":{"start":{"line":356,"column":54},"end":{"line":364,"column":3}},"line":356},"36":{"name":"(anonymous_36)","decl":{"start":{"line":357,"column":51},"end":{"line":357,"column":52}},"loc":{"start":{"line":357,"column":57},"end":{"line":359,"column":5}},"line":357},"37":{"name":"(anonymous_37)","decl":{"start":{"line":366,"column":48},"end":{"line":366,"column":49}},"loc":{"start":{"line":366,"column":60},"end":{"line":374,"column":3}},"line":366},"38":{"name":"(anonymous_38)","decl":{"start":{"line":368,"column":55},"end":{"line":368,"column":56}},"loc":{"start":{"line":368,"column":61},"end":{"line":370,"column":5}},"line":368},"39":{"name":"(anonymous_39)","decl":{"start":{"line":381,"column":43},"end":{"line":381,"column":44}},"loc":{"start":{"line":381,"column":49},"end":{"line":435,"column":1}},"line":381},"40":{"name":"(anonymous_40)","decl":{"start":{"line":383,"column":13},"end":{"line":383,"column":14}},"loc":{"start":{"line":383,"column":19},"end":{"line":390,"column":3}},"line":383},"41":{"name":"(anonymous_41)","decl":{"start":{"line":392,"column":38},"end":{"line":392,"column":39}},"loc":{"start":{"line":392,"column":50},"end":{"line":399,"column":3}},"line":392},"42":{"name":"(anonymous_42)","decl":{"start":{"line":401,"column":42},"end":{"line":401,"column":43}},"loc":{"start":{"line":401,"column":54},"end":{"line":411,"column":3}},"line":401},"43":{"name":"(anonymous_43)","decl":{"start":{"line":402,"column":51},"end":{"line":402,"column":52}},"loc":{"start":{"line":402,"column":57},"end":{"line":404,"column":5}},"line":402},"44":{"name":"(anonymous_44)","decl":{"start":{"line":413,"column":48},"end":{"line":413,"column":49}},"loc":{"start":{"line":413,"column":60},"end":{"line":423,"column":3}},"line":413},"45":{"name":"(anonymous_45)","decl":{"start":{"line":415,"column":55},"end":{"line":415,"column":56}},"loc":{"start":{"line":415,"column":61},"end":{"line":417,"column":5}},"line":415},"46":{"name":"(anonymous_46)","decl":{"start":{"line":425,"column":48},"end":{"line":425,"column":49}},"loc":{"start":{"line":425,"column":60},"end":{"line":434,"column":3}},"line":425},"47":{"name":"(anonymous_47)","decl":{"start":{"line":428,"column":51},"end":{"line":428,"column":52}},"loc":{"start":{"line":428,"column":57},"end":{"line":430,"column":5}},"line":428},"48":{"name":"(anonymous_48)","decl":{"start":{"line":437,"column":41},"end":{"line":437,"column":42}},"loc":{"start":{"line":437,"column":47},"end":{"line":469,"column":1}},"line":437},"49":{"name":"(anonymous_49)","decl":{"start":{"line":439,"column":13},"end":{"line":439,"column":14}},"loc":{"start":{"line":439,"column":19},"end":{"line":454,"column":3}},"line":439},"50":{"name":"(anonymous_50)","decl":{"start":{"line":456,"column":37},"end":{"line":456,"column":38}},"loc":{"start":{"line":456,"column":49},"end":{"line":461,"column":3}},"line":456},"51":{"name":"(anonymous_51)","decl":{"start":{"line":463,"column":42},"end":{"line":463,"column":43}},"loc":{"start":{"line":463,"column":54},"end":{"line":468,"column":3}},"line":463}},"branchMap":{},"s":{"0":0,"1":0,"2":0,"3":0,"4":0,"5":0,"6":0,"7":0,"8":0,"9":0,"10":0,"11":0,"12":0,"13":0,"14":0,"15":0,"16":0,"17":0,"18":0,"19":0,"20":0,"21":0,"22":0,"23":0,"24":0,"25":0,"26":0,"27":0,"28":0,"29":0,"30":0,"31":0,"32":0,"33":0,"34":0,"35":0,"36":0,"37":0,"38":0,"39":0,"40":0,"41":0,"42":0,"43":0,"44":0,"45":0,"46":0,"47":0,"48":0,"49":0,"50":0,"51":0,"52":0,"53":0,"54":0,"55":0,"56":0,"57":0,"58":0,"59":0,"60":0,"61":0,"62":0,"63":0,"64":0,"65":0,"66":0,"67":0,"68":0,"69":0,"70":0,"71":0,"72":0,"73":0,"74":0,"75":0,"76":0,"77":0,"78":0,"79":0,"80":0,"81":0,"82":0,"83":0,"84":0,"85":0,"86":0,"87":0,"88":0,"89":0,"90":0,"91":0,"92":0,"93":0,"94":0,"95":0,"96":0,"97":0,"98":0,"99":0,"100":0,"101":0,"102":0,"103":0,"104":0,"105":0,"106":0,"107":0,"108":0,"109":0,"110":0,"111":0,"112":0,"113":0,"114":0,"115":0,"116":0,"117":0,"118":0,"119":0,"120":0,"121":0,"122":0,"123":0,"124":0,"125":0,"126":0,"127":0,"128":0,"129":0,"130":0,"131":0,"132":0,"133":0,"134":0,"135":0,"136":0,"137":0,"138":0,"139":0,"140":0,"141":0,"142":0,"143":0,"144":0,"145":0,"146":0,"147":0,"148":0,"149":0,"150":0,"151":0,"152":0,"153":0,"154":0,"155":0,"156":0,"157":0,"158":0,"159":0,"160":0,"161":0,"162":0,"163":0,"164":0,"165":0,"166":0,"167":0,"168":0,"169":0,"170":0,"171":0,"172":0,"173":0,"174":0,"175":0,"176":0,"177":0,"178":0,"179":0,"180":0,"181":0,"182":0,"183":0,"184":0,"185":0,"186":0,"187":0,"188":0,"189":0,"190":0,"191":0,"192":0,"193":0,"194":0,"195":0,"196":0,"197":0,"198":0,"199":0,"200":0,"201":0,"202":0,"203":0},"f":{"0":0,"1":0,"2":0,"3":0,"4":0,"5":0,"6":0,"7":0,"8":0,"9":0,"10":0,"11":0,"12":0,"13":0,"14":0,"15":0,"16":0,"17":0,"18":0,"19":0,"20":0,"21":0,"22":0,"23":0,"24":0,"25":0,"26":0,"27":0,"28":0,"29":0,"30":0,"31":0,"32":0,"33":0,"34":0,"35":0,"36":0,"37":0,"38":0,"39":0,"40":0,"41":0,"42":0,"43":0,"44":0,"45":0,"46":0,"47":0,"48":0,"49":0,"50":0,"51":0},"b":{}}
,"C:\\Users\\jamco\\Desktop\\repos\\cs4218-2420-ecom-project-team16\\controllers\\categoryController.js": {"path":"C:\\Users\\jamco\\Desktop\\repos\\cs4218-2420-ecom-project-team16\\controllers\\categoryController.js","statementMap":{"0":{"start":{"line":3,"column":40},"end":{"line":33,"column":1}},"1":{"start":{"line":4,"column":2},"end":{"line":32,"column":3}},"2":{"start":{"line":5,"column":21},"end":{"line":5,"column":29}},"3":{"start":{"line":6,"column":4},"end":{"line":8,"column":5}},"4":{"start":{"line":7,"column":6},"end":{"line":7,"column":67}},"5":{"start":{"line":9,"column":29},"end":{"line":9,"column":66}},"6":{"start":{"line":10,"column":4},"end":{"line":15,"column":5}},"7":{"start":{"line":11,"column":6},"end":{"line":14,"column":9}},"8":{"start":{"line":16,"column":21},"end":{"line":19,"column":13}},"9":{"start":{"line":20,"column":4},"end":{"line":24,"column":7}},"10":{"start":{"line":26,"column":4},"end":{"line":26,"column":23}},"11":{"start":{"line":27,"column":4},"end":{"line":31,"column":7}},"12":{"start":{"line":36,"column":40},"end":{"line":58,"column":1}},"13":{"start":{"line":37,"column":2},"end":{"line":57,"column":3}},"14":{"start":{"line":38,"column":21},"end":{"line":38,"column":29}},"15":{"start":{"line":39,"column":19},"end":{"line":39,"column":29}},"16":{"start":{"line":40,"column":21},"end":{"line":44,"column":5}},"17":{"start":{"line":45,"column":4},"end":{"line":49,"column":7}},"18":{"start":{"line":51,"column":4},"end":{"line":51,"column":23}},"19":{"start":{"line":52,"column":4},"end":{"line":56,"column":7}},"20":{"start":{"line":61,"column":35},"end":{"line":77,"column":1}},"21":{"start":{"line":62,"column":2},"end":{"line":76,"column":3}},"22":{"start":{"line":63,"column":21},"end":{"line":63,"column":49}},"23":{"start":{"line":64,"column":4},"end":{"line":68,"column":7}},"24":{"start":{"line":70,"column":4},"end":{"line":70,"column":23}},"25":{"start":{"line":71,"column":4},"end":{"line":75,"column":7}},"26":{"start":{"line":80,"column":40},"end":{"line":96,"column":1}},"27":{"start":{"line":81,"column":2},"end":{"line":95,"column":3}},"28":{"start":{"line":82,"column":21},"end":{"line":82,"column":75}},"29":{"start":{"line":83,"column":4},"end":{"line":87,"column":7}},"30":{"start":{"line":89,"column":4},"end":{"line":89,"column":23}},"31":{"start":{"line":90,"column":4},"end":{"line":94,"column":7}},"32":{"start":{"line":99,"column":40},"end":{"line":115,"column":1}},"33":{"start":{"line":100,"column":2},"end":{"line":114,"column":3}},"34":{"start":{"line":101,"column":19},"end":{"line":101,"column":29}},"35":{"start":{"line":102,"column":4},"end":{"line":102,"column":46}},"36":{"start":{"line":103,"column":4},"end":{"line":106,"column":7}},"37":{"start":{"line":108,"column":4},"end":{"line":108,"column":23}},"38":{"start":{"line":109,"column":4},"end":{"line":113,"column":7}}},"fnMap":{"0":{"name":"(anonymous_0)","decl":{"start":{"line":3,"column":40},"end":{"line":3,"column":41}},"loc":{"start":{"line":3,"column":60},"end":{"line":33,"column":1}},"line":3},"1":{"name":"(anonymous_1)","decl":{"start":{"line":36,"column":40},"end":{"line":36,"column":41}},"loc":{"start":{"line":36,"column":60},"end":{"line":58,"column":1}},"line":36},"2":{"name":"(anonymous_2)","decl":{"start":{"line":61,"column":35},"end":{"line":61,"column":36}},"loc":{"start":{"line":61,"column":55},"end":{"line":77,"column":1}},"line":61},"3":{"name":"(anonymous_3)","decl":{"start":{"line":80,"column":40},"end":{"line":80,"column":41}},"loc":{"start":{"line":80,"column":60},"end":{"line":96,"column":1}},"line":80},"4":{"name":"(anonymous_4)","decl":{"start":{"line":99,"column":40},"end":{"line":99,"column":41}},"loc":{"start":{"line":99,"column":60},"end":{"line":115,"column":1}},"line":99}},"branchMap":{"0":{"loc":{"start":{"line":6,"column":4},"end":{"line":8,"column":5}},"type":"if","locations":[{"start":{"line":6,"column":4},"end":{"line":8,"column":5}},{"start":{},"end":{}}],"line":6},"1":{"loc":{"start":{"line":10,"column":4},"end":{"line":15,"column":5}},"type":"if","locations":[{"start":{"line":10,"column":4},"end":{"line":15,"column":5}},{"start":{},"end":{}}],"line":10}},"s":{"0":0,"1":0,"2":0,"3":0,"4":0,"5":0,"6":0,"7":0,"8":0,"9":0,"10":0,"11":0,"12":0,"13":0,"14":0,"15":0,"16":0,"17":0,"18":0,"19":0,"20":0,"21":0,"22":0,"23":0,"24":0,"25":0,"26":0,"27":0,"28":0,"29":0,"30":0,"31":0,"32":0,"33":0,"34":0,"35":0,"36":0,"37":0,"38":0},"f":{"0":0,"1":0,"2":0,"3":0,"4":0},"b":{"0":[0,0],"1":[0,0]}}
,"C:\\Users\\jamco\\Desktop\\repos\\cs4218-2420-ecom-project-team16\\controllers\\productController.js": {"path":"C:\\Users\\jamco\\Desktop\\repos\\cs4218-2420-ecom-project-team16\\controllers\\productController.js","statementMap":{"0":{"start":{"line":10,"column":0},"end":{"line":10,"column":16}},"1":{"start":{"line":13,"column":14},"end":{"line":18,"column":2}},"2":{"start":{"line":20,"column":39},"end":{"line":62,"column":1}},"3":{"start":{"line":21,"column":2},"end":{"line":61,"column":3}},"4":{"start":{"line":23,"column":6},"end":{"line":23,"column":16}},"5":{"start":{"line":24,"column":22},"end":{"line":24,"column":31}},"6":{"start":{"line":26,"column":4},"end":{"line":41,"column":5}},"7":{"start":{"line":28,"column":8},"end":{"line":28,"column":67}},"8":{"start":{"line":30,"column":8},"end":{"line":30,"column":74}},"9":{"start":{"line":32,"column":8},"end":{"line":32,"column":68}},"10":{"start":{"line":34,"column":8},"end":{"line":34,"column":71}},"11":{"start":{"line":36,"column":8},"end":{"line":36,"column":71}},"12":{"start":{"line":38,"column":8},"end":{"line":40,"column":76}},"13":{"start":{"line":43,"column":21},"end":{"line":43,"column":77}},"14":{"start":{"line":44,"column":4},"end":{"line":47,"column":5}},"15":{"start":{"line":45,"column":6},"end":{"line":45,"column":56}},"16":{"start":{"line":46,"column":6},"end":{"line":46,"column":46}},"17":{"start":{"line":48,"column":4},"end":{"line":48,"column":26}},"18":{"start":{"line":49,"column":4},"end":{"line":53,"column":7}},"19":{"start":{"line":55,"column":4},"end":{"line":55,"column":23}},"20":{"start":{"line":56,"column":4},"end":{"line":60,"column":7}},"21":{"start":{"line":65,"column":36},"end":{"line":87,"column":1}},"22":{"start":{"line":66,"column":2},"end":{"line":86,"column":3}},"23":{"start":{"line":67,"column":21},"end":{"line":72,"column":30}},"24":{"start":{"line":73,"column":4},"end":{"line":78,"column":7}},"25":{"start":{"line":80,"column":4},"end":{"line":80,"column":23}},"26":{"start":{"line":81,"column":4},"end":{"line":85,"column":7}},"27":{"start":{"line":89,"column":42},"end":{"line":108,"column":1}},"28":{"start":{"line":90,"column":2},"end":{"line":107,"column":3}},"29":{"start":{"line":91,"column":20},"end":{"line":94,"column":27}},"30":{"start":{"line":95,"column":4},"end":{"line":99,"column":7}},"31":{"start":{"line":101,"column":4},"end":{"line":101,"column":23}},"32":{"start":{"line":102,"column":4},"end":{"line":106,"column":7}},"33":{"start":{"line":111,"column":38},"end":{"line":126,"column":1}},"34":{"start":{"line":112,"column":2},"end":{"line":125,"column":3}},"35":{"start":{"line":113,"column":20},"end":{"line":113,"column":79}},"36":{"start":{"line":114,"column":4},"end":{"line":117,"column":5}},"37":{"start":{"line":115,"column":6},"end":{"line":115,"column":57}},"38":{"start":{"line":116,"column":6},"end":{"line":116,"column":54}},"39":{"start":{"line":119,"column":4},"end":{"line":119,"column":23}},"40":{"start":{"line":120,"column":4},"end":{"line":124,"column":7}},"41":{"start":{"line":129,"column":39},"end":{"line":144,"column":1}},"42":{"start":{"line":130,"column":2},"end":{"line":143,"column":3}},"43":{"start":{"line":131,"column":4},"end":{"line":131,"column":74}},"44":{"start":{"line":132,"column":4},"end":{"line":135,"column":7}},"45":{"start":{"line":137,"column":4},"end":{"line":137,"column":23}},"46":{"start":{"line":138,"column":4},"end":{"line":142,"column":7}},"47":{"start":{"line":147,"column":39},"end":{"line":193,"column":1}},"48":{"start":{"line":148,"column":2},"end":{"line":192,"column":3}},"49":{"start":{"line":150,"column":6},"end":{"line":150,"column":16}},"50":{"start":{"line":151,"column":22},"end":{"line":151,"column":31}},"51":{"start":{"line":153,"column":4},"end":{"line":168,"column":5}},"52":{"start":{"line":155,"column":8},"end":{"line":155,"column":67}},"53":{"start":{"line":157,"column":8},"end":{"line":157,"column":74}},"54":{"start":{"line":159,"column":8},"end":{"line":159,"column":68}},"55":{"start":{"line":161,"column":8},"end":{"line":161,"column":71}},"56":{"start":{"line":163,"column":8},"end":{"line":163,"column":71}},"57":{"start":{"line":165,"column":8},"end":{"line":167,"column":76}},"58":{"start":{"line":170,"column":21},"end":{"line":174,"column":5}},"59":{"start":{"line":175,"column":4},"end":{"line":178,"column":5}},"60":{"start":{"line":176,"column":6},"end":{"line":176,"column":56}},"61":{"start":{"line":177,"column":6},"end":{"line":177,"column":46}},"62":{"start":{"line":179,"column":4},"end":{"line":179,"column":26}},"63":{"start":{"line":180,"column":4},"end":{"line":184,"column":7}},"64":{"start":{"line":186,"column":4},"end":{"line":186,"column":23}},"65":{"start":{"line":187,"column":4},"end":{"line":191,"column":7}},"66":{"start":{"line":196,"column":40},"end":{"line":215,"column":1}},"67":{"start":{"line":197,"column":2},"end":{"line":214,"column":3}},"68":{"start":{"line":198,"column":31},"end":{"line":198,"column":39}},"69":{"start":{"line":199,"column":15},"end":{"line":199,"column":17}},"70":{"start":{"line":200,"column":4},"end":{"line":200,"column":52}},"71":{"start":{"line":200,"column":28},"end":{"line":200,"column":52}},"72":{"start":{"line":201,"column":4},"end":{"line":201,"column":70}},"73":{"start":{"line":201,"column":22},"end":{"line":201,"column":70}},"74":{"start":{"line":202,"column":21},"end":{"line":202,"column":50}},"75":{"start":{"line":203,"column":4},"end":{"line":206,"column":7}},"76":{"start":{"line":208,"column":4},"end":{"line":208,"column":23}},"77":{"start":{"line":209,"column":4},"end":{"line":213,"column":7}},"78":{"start":{"line":218,"column":38},"end":{"line":233,"column":1}},"79":{"start":{"line":219,"column":2},"end":{"line":232,"column":3}},"80":{"start":{"line":220,"column":18},"end":{"line":220,"column":70}},"81":{"start":{"line":221,"column":4},"end":{"line":224,"column":7}},"82":{"start":{"line":226,"column":4},"end":{"line":226,"column":23}},"83":{"start":{"line":227,"column":4},"end":{"line":231,"column":7}},"84":{"start":{"line":236,"column":37},"end":{"line":258,"column":1}},"85":{"start":{"line":237,"column":2},"end":{"line":257,"column":3}},"86":{"start":{"line":238,"column":20},"end":{"line":238,"column":21}},"87":{"start":{"line":239,"column":17},"end":{"line":239,"column":54}},"88":{"start":{"line":240,"column":21},"end":{"line":245,"column":30}},"89":{"start":{"line":246,"column":4},"end":{"line":249,"column":7}},"90":{"start":{"line":251,"column":4},"end":{"line":251,"column":23}},"91":{"start":{"line":252,"column":4},"end":{"line":256,"column":7}},"92":{"start":{"line":261,"column":39},"end":{"line":281,"column":1}},"93":{"start":{"line":262,"column":2},"end":{"line":280,"column":3}},"94":{"start":{"line":263,"column":24},"end":{"line":263,"column":34}},"95":{"start":{"line":264,"column":20},"end":{"line":271,"column":23}},"96":{"start":{"line":272,"column":4},"end":{"line":272,"column":22}},"97":{"start":{"line":274,"column":4},"end":{"line":274,"column":23}},"98":{"start":{"line":275,"column":4},"end":{"line":279,"column":7}},"99":{"start":{"line":284,"column":40},"end":{"line":307,"column":1}},"100":{"start":{"line":285,"column":2},"end":{"line":306,"column":3}},"101":{"start":{"line":286,"column":25},"end":{"line":286,"column":35}},"102":{"start":{"line":287,"column":21},"end":{"line":294,"column":27}},"103":{"start":{"line":295,"column":4},"end":{"line":298,"column":7}},"104":{"start":{"line":300,"column":4},"end":{"line":300,"column":23}},"105":{"start":{"line":301,"column":4},"end":{"line":305,"column":7}},"106":{"start":{"line":310,"column":41},"end":{"line":327,"column":1}},"107":{"start":{"line":311,"column":2},"end":{"line":326,"column":3}},"108":{"start":{"line":312,"column":21},"end":{"line":312,"column":75}},"109":{"start":{"line":313,"column":21},"end":{"line":313,"column":79}},"110":{"start":{"line":314,"column":4},"end":{"line":318,"column":7}},"111":{"start":{"line":320,"column":4},"end":{"line":320,"column":23}},"112":{"start":{"line":321,"column":4},"end":{"line":325,"column":7}},"113":{"start":{"line":331,"column":40},"end":{"line":343,"column":1}},"114":{"start":{"line":332,"column":2},"end":{"line":342,"column":3}},"115":{"start":{"line":333,"column":4},"end":{"line":339,"column":7}},"116":{"start":{"line":334,"column":6},"end":{"line":338,"column":7}},"117":{"start":{"line":335,"column":8},"end":{"line":335,"column":34}},"118":{"start":{"line":337,"column":8},"end":{"line":337,"column":27}},"119":{"start":{"line":341,"column":4},"end":{"line":341,"column":23}},"120":{"start":{"line":346,"column":42},"end":{"line":377,"column":1}},"121":{"start":{"line":347,"column":2},"end":{"line":376,"column":3}},"122":{"start":{"line":348,"column":28},"end":{"line":348,"column":36}},"123":{"start":{"line":349,"column":16},"end":{"line":349,"column":17}},"124":{"start":{"line":350,"column":4},"end":{"line":352,"column":7}},"125":{"start":{"line":351,"column":6},"end":{"line":351,"column":23}},"126":{"start":{"line":353,"column":25},"end":{"line":373,"column":5}},"127":{"start":{"line":362,"column":8},"end":{"line":371,"column":9}},"128":{"start":{"line":363,"column":24},"end":{"line":367,"column":19}},"129":{"start":{"line":368,"column":10},"end":{"line":368,"column":33}},"130":{"start":{"line":370,"column":10},"end":{"line":370,"column":38}},"131":{"start":{"line":375,"column":4},"end":{"line":375,"column":23}}},"fnMap":{"0":{"name":"(anonymous_0)","decl":{"start":{"line":20,"column":39},"end":{"line":20,"column":40}},"loc":{"start":{"line":20,"column":59},"end":{"line":62,"column":1}},"line":20},"1":{"name":"(anonymous_1)","decl":{"start":{"line":65,"column":36},"end":{"line":65,"column":37}},"loc":{"start":{"line":65,"column":56},"end":{"line":87,"column":1}},"line":65},"2":{"name":"(anonymous_2)","decl":{"start":{"line":89,"column":42},"end":{"line":89,"column":43}},"loc":{"start":{"line":89,"column":62},"end":{"line":108,"column":1}},"line":89},"3":{"name":"(anonymous_3)","decl":{"start":{"line":111,"column":38},"end":{"line":111,"column":39}},"loc":{"start":{"line":111,"column":58},"end":{"line":126,"column":1}},"line":111},"4":{"name":"(anonymous_4)","decl":{"start":{"line":129,"column":39},"end":{"line":129,"column":40}},"loc":{"start":{"line":129,"column":59},"end":{"line":144,"column":1}},"line":129},"5":{"name":"(anonymous_5)","decl":{"start":{"line":147,"column":39},"end":{"line":147,"column":40}},"loc":{"start":{"line":147,"column":59},"end":{"line":193,"column":1}},"line":147},"6":{"name":"(anonymous_6)","decl":{"start":{"line":196,"column":40},"end":{"line":196,"column":41}},"loc":{"start":{"line":196,"column":60},"end":{"line":215,"column":1}},"line":196},"7":{"name":"(anonymous_7)","decl":{"start":{"line":218,"column":38},"end":{"line":218,"column":39}},"loc":{"start":{"line":218,"column":58},"end":{"line":233,"column":1}},"line":218},"8":{"name":"(anonymous_8)","decl":{"start":{"line":236,"column":37},"end":{"line":236,"column":38}},"loc":{"start":{"line":236,"column":57},"end":{"line":258,"column":1}},"line":236},"9":{"name":"(anonymous_9)","decl":{"start":{"line":261,"column":39},"end":{"line":261,"column":40}},"loc":{"start":{"line":261,"column":59},"end":{"line":281,"column":1}},"line":261},"10":{"name":"(anonymous_10)","decl":{"start":{"line":284,"column":40},"end":{"line":284,"column":41}},"loc":{"start":{"line":284,"column":60},"end":{"line":307,"column":1}},"line":284},"11":{"name":"(anonymous_11)","decl":{"start":{"line":310,"column":41},"end":{"line":310,"column":42}},"loc":{"start":{"line":310,"column":61},"end":{"line":327,"column":1}},"line":310},"12":{"name":"(anonymous_12)","decl":{"start":{"line":331,"column":40},"end":{"line":331,"column":41}},"loc":{"start":{"line":331,"column":60},"end":{"line":343,"column":1}},"line":331},"13":{"name":"(anonymous_13)","decl":{"start":{"line":333,"column":37},"end":{"line":333,"column":38}},"loc":{"start":{"line":333,"column":62},"end":{"line":339,"column":5}},"line":333},"14":{"name":"(anonymous_14)","decl":{"start":{"line":346,"column":42},"end":{"line":346,"column":43}},"loc":{"start":{"line":346,"column":62},"end":{"line":377,"column":1}},"line":346},"15":{"name":"(anonymous_15)","decl":{"start":{"line":350,"column":13},"end":{"line":350,"column":14}},"loc":{"start":{"line":350,"column":20},"end":{"line":352,"column":5}},"line":350},"16":{"name":"(anonymous_16)","decl":{"start":{"line":361,"column":6},"end":{"line":361,"column":7}},"loc":{"start":{"line":361,"column":31},"end":{"line":372,"column":7}},"line":361}},"branchMap":{"0":{"loc":{"start":{"line":26,"column":4},"end":{"line":41,"column":5}},"type":"switch","locations":[{"start":{"line":27,"column":6},"end":{"line":28,"column":67}},{"start":{"line":29,"column":6},"end":{"line":30,"column":74}},{"start":{"line":31,"column":6},"end":{"line":32,"column":68}},{"start":{"line":33,"column":6},"end":{"line":34,"column":71}},{"start":{"line":35,"column":6},"end":{"line":36,"column":71}},{"start":{"line":37,"column":6},"end":{"line":40,"column":76}}],"line":26},"1":{"loc":{"start":{"line":37,"column":11},"end":{"line":37,"column":40}},"type":"binary-expr","locations":[{"start":{"line":37,"column":11},"end":{"line":37,"column":16}},{"start":{"line":37,"column":20},"end":{"line":37,"column":40}}],"line":37},"2":{"loc":{"start":{"line":44,"column":4},"end":{"line":47,"column":5}},"type":"if","locations":[{"start":{"line":44,"column":4},"end":{"line":47,"column":5}},{"start":{},"end":{}}],"line":44},"3":{"loc":{"start":{"line":114,"column":4},"end":{"line":117,"column":5}},"type":"if","locations":[{"start":{"line":114,"column":4},"end":{"line":117,"column":5}},{"start":{},"end":{}}],"line":114},"4":{"loc":{"start":{"line":153,"column":4},"end":{"line":168,"column":5}},"type":"switch","locations":[{"start":{"line":154,"column":6},"end":{"line":155,"column":67}},{"start":{"line":156,"column":6},"end":{"line":157,"column":74}},{"start":{"line":158,"column":6},"end":{"line":159,"column":68}},{"start":{"line":160,"column":6},"end":{"line":161,"column":71}},{"start":{"line":162,"column":6},"end":{"line":163,"column":71}},{"start":{"line":164,"column":6},"end":{"line":167,"column":76}}],"line":153},"5":{"loc":{"start":{"line":164,"column":11},"end":{"line":164,"column":40}},"type":"binary-expr","locations":[{"start":{"line":164,"column":11},"end":{"line":164,"column":16}},{"start":{"line":164,"column":20},"end":{"line":164,"column":40}}],"line":164},"6":{"loc":{"start":{"line":175,"column":4},"end":{"line":178,"column":5}},"type":"if","locations":[{"start":{"line":175,"column":4},"end":{"line":178,"column":5}},{"start":{},"end":{}}],"line":175},"7":{"loc":{"start":{"line":200,"column":4},"end":{"line":200,"column":52}},"type":"if","locations":[{"start":{"line":200,"column":4},"end":{"line":200,"column":52}},{"start":{},"end":{}}],"line":200},"8":{"loc":{"start":{"line":201,"column":4},"end":{"line":201,"column":70}},"type":"if","locations":[{"start":{"line":201,"column":4},"end":{"line":201,"column":70}},{"start":{},"end":{}}],"line":201},"9":{"loc":{"start":{"line":239,"column":17},"end":{"line":239,"column":54}},"type":"cond-expr","locations":[{"start":{"line":239,"column":35},"end":{"line":239,"column":50}},{"start":{"line":239,"column":53},"end":{"line":239,"column":54}}],"line":239},"10":{"loc":{"start":{"line":334,"column":6},"end":{"line":338,"column":7}},"type":"if","locations":[{"start":{"line":334,"column":6},"end":{"line":338,"column":7}},{"start":{"line":336,"column":13},"end":{"line":338,"column":7}}],"line":334},"11":{"loc":{"start":{"line":362,"column":8},"end":{"line":371,"column":9}},"type":"if","locations":[{"start":{"line":362,"column":8},"end":{"line":371,"column":9}},{"start":{"line":369,"column":15},"end":{"line":371,"column":9}}],"line":362}},"s":{"0":0,"1":0,"2":0,"3":0,"4":0,"5":0,"6":0,"7":0,"8":0,"9":0,"10":0,"11":0,"12":0,"13":0,"14":0,"15":0,"16":0,"17":0,"18":0,"19":0,"20":0,"21":0,"22":0,"23":0,"24":0,"25":0,"26":0,"27":0,"28":0,"29":0,"30":0,"31":0,"32":0,"33":0,"34":0,"35":0,"36":0,"37":0,"38":0,"39":0,"40":0,"41":0,"42":0,"43":0,"44":0,"45":0,"46":0,"47":0,"48":0,"49":0,"50":0,"51":0,"52":0,"53":0,"54":0,"55":0,"56":0,"57":0,"58":0,"59":0,"60":0,"61":0,"62":0,"63":0,"64":0,"65":0,"66":0,"67":0,"68":0,"69":0,"70":0,"71":0,"72":0,"73":0,"74":0,"75":0,"76":0,"77":0,"78":0,"79":0,"80":0,"81":0,"82":0,"83":0,"84":0,"85":0,"86":0,"87":0,"88":0,"89":0,"90":0,"91":0,"92":0,"93":0,"94":0,"95":0,"96":0,"97":0,"98":0,"99":0,"100":0,"101":0,"102":0,"103":0,"104":0,"105":0,"106":0,"107":0,"108":0,"109":0,"110":0,"111":0,"112":0,"113":0,"114":0,"115":0,"116":0,"117":0,"118":0,"119":0,"120":0,"121":0,"122":0,"123":0,"124":0,"125":0,"126":0,"127":0,"128":0,"129":0,"130":0,"131":0},"f":{"0":0,"1":0,"2":0,"3":0,"4":0,"5":0,"6":0,"7":0,"8":0,"9":0,"10":0,"11":0,"12":0,"13":0,"14":0,"15":0,"16":0},"b":{"0":[0,0,0,0,0,0],"1":[0,0],"2":[0,0],"3":[0,0],"4":[0,0,0,0,0,0],"5":[0,0],"6":[0,0],"7":[0,0],"8":[0,0],"9":[0,0],"10":[0,0],"11":[0,0]}}
}
