TN:
SF:controllers/authController.js
FN:6,(anonymous_0)
FN:14,(anonymous_1)
FN:80,(anonymous_2)
FN:134,(anonymous_3)
FN:172,(anonymous_4)
FN:182,(anonymous_5)
FN:218,(anonymous_6)
FN:235,(anonymous_7)
FN:254,(anonymous_8)
FN:274,(anonymous_9)
FNF:10
FNH:9
FNDA:5,(anonymous_0)
FNDA:12,(anonymous_1)
FNDA:6,(anonymous_2)
FNDA:6,(anonymous_3)
FNDA:2,(anonymous_4)
FNDA:5,(anonymous_5)
FNDA:3,(anonymous_6)
FNDA:4,(anonymous_7)
FNDA:2,(anonymous_8)
FNDA:0,(anonymous_9)
DA:6,1
DA:7,5
DA:14,1
DA:15,12
DA:16,12
DA:18,12
DA:19,1
DA:21,11
DA:22,1
DA:24,10
DA:25,2
DA:29,8
DA:30,1
DA:32,7
DA:33,1
DA:35,6
DA:36,1
DA:39,5
DA:40,5
DA:41,1
DA:44,4
DA:46,3
DA:47,1
DA:53,2
DA:55,2
DA:64,1
DA:70,2
DA:71,2
DA:80,1
DA:81,6
DA:82,6
DA:84,6
DA:85,2
DA:91,4
DA:92,3
DA:93,1
DA:98,2
DA:99,2
DA:100,1
DA:106,1
DA:109,1
DA:123,1
DA:124,1
DA:134,1
DA:135,6
DA:136,6
DA:137,6
DA:138,1
DA:140,6
DA:141,1
DA:143,6
DA:144,1
DA:147,6
DA:149,5
DA:150,1
DA:155,4
DA:156,4
DA:157,4
DA:162,1
DA:163,1
DA:172,1
DA:173,2
DA:174,2
DA:176,1
DA:177,1
DA:182,1
DA:183,5
DA:184,5
DA:185,5
DA:186,4
DA:187,2
DA:191,2
DA:192,2
DA:202,2
DA:208,1
DA:209,1
DA:218,1
DA:219,3
DA:220,3
DA:224,1
DA:226,2
DA:227,2
DA:235,1
DA:236,4
DA:237,4
DA:242,1
DA:244,3
DA:245,3
DA:254,1
DA:255,2
DA:256,2
DA:257,2
DA:258,2
DA:263,1
DA:265,1
DA:266,1
DA:274,1
DA:275,0
DA:276,0
DA:277,0
DA:279,0
DA:280,0
LF:102
LH:97
BRDA:18,0,0,1
BRDA:18,0,1,11
BRDA:21,1,0,1
BRDA:21,1,1,10
BRDA:24,2,0,2
BRDA:24,2,1,8
BRDA:24,3,0,10
BRDA:24,3,1,9
BRDA:29,4,0,1
BRDA:29,4,1,7
BRDA:32,5,0,1
BRDA:32,5,1,6
BRDA:35,6,0,1
BRDA:35,6,1,5
BRDA:40,7,0,1
BRDA:40,7,1,4
BRDA:46,8,0,1
BRDA:46,8,1,2
BRDA:84,9,0,2
BRDA:84,9,1,4
BRDA:84,10,0,6
BRDA:84,10,1,5
BRDA:92,11,0,1
BRDA:92,11,1,2
BRDA:99,12,0,1
BRDA:99,12,1,1
BRDA:137,13,0,1
BRDA:137,13,1,5
BRDA:140,14,0,1
BRDA:140,14,1,5
BRDA:143,15,0,1
BRDA:143,15,1,5
BRDA:149,16,0,1
BRDA:149,16,1,4
BRDA:186,17,0,2
BRDA:186,17,1,2
BRDA:191,18,0,2
BRDA:191,18,1,0
BRDA:195,19,0,2
BRDA:195,19,1,1
BRDA:196,20,0,2
BRDA:196,20,1,1
BRDA:197,21,0,2
BRDA:197,21,1,1
BRDA:198,22,0,2
BRDA:198,22,1,1
BRF:46
BRH:45
end_of_record
TN:
SF:controllers/categoryController.js
FN:3,(anonymous_0)
FN:36,(anonymous_1)
FN:61,(anonymous_2)
FN:80,(anonymous_3)
FN:99,(anonymous_4)
FNF:5
FNH:5
FNDA:4,(anonymous_0)
FNDA:3,(anonymous_1)
FNDA:2,(anonymous_2)
FNDA:2,(anonymous_3)
FNDA:2,(anonymous_4)
DA:3,5
DA:4,4
DA:5,4
DA:6,4
DA:7,1
DA:9,3
DA:10,2
DA:11,1
DA:16,1
DA:20,1
DA:26,1
DA:27,1
DA:36,5
DA:37,3
DA:38,3
DA:39,2
DA:40,2
DA:45,1
DA:51,2
DA:52,2
DA:61,5
DA:62,2
DA:63,2
DA:64,1
DA:70,1
DA:71,1
DA:80,5
DA:81,2
DA:82,2
DA:83,1
DA:89,1
DA:90,1
DA:99,5
DA:100,2
DA:101,2
DA:102,2
DA:103,1
DA:108,1
DA:109,1
LF:39
LH:39
BRDA:6,0,0,1
BRDA:6,0,1,3
BRDA:10,1,0,1
BRDA:10,1,1,1
BRF:4
BRH:4
end_of_record
TN:
SF:controllers/productController.js
FN:20,(anonymous_0)
FN:65,(anonymous_1)
FN:89,(anonymous_2)
FN:111,(anonymous_3)
FN:129,(anonymous_4)
FN:147,(anonymous_5)
FN:196,(anonymous_6)
FN:218,(anonymous_7)
FN:236,(anonymous_8)
FN:261,(anonymous_9)
FN:284,(anonymous_10)
FN:310,(anonymous_11)
FN:333,(anonymous_12)
FN:335,(anonymous_13)
FN:348,(anonymous_14)
FN:352,(anonymous_15)
FN:363,(anonymous_16)
FNF:17
FNH:17
FNDA:12,(anonymous_0)
FNDA:4,(anonymous_1)
FNDA:3,(anonymous_2)
FNDA:3,(anonymous_3)
FNDA:2,(anonymous_4)
FNDA:14,(anonymous_5)
FNDA:5,(anonymous_6)
FNDA:2,(anonymous_7)
FNDA:3,(anonymous_8)
FNDA:3,(anonymous_9)
FNDA:2,(anonymous_10)
FNDA:3,(anonymous_11)
FNDA:5,(anonymous_12)
FNDA:5,(anonymous_13)
FNDA:3,(anonymous_14)
FNDA:3,(anonymous_15)
FNDA:2,(anonymous_16)
DA:10,12
DA:13,12
DA:20,12
DA:21,12
DA:23,12
DA:24,12
DA:26,12
DA:28,1
DA:30,1
DA:32,1
DA:34,1
DA:36,1
DA:38,1
DA:43,6
DA:44,6
DA:45,5
DA:46,4
DA:48,5
DA:49,4
DA:55,2
DA:56,2
DA:65,12
DA:66,4
DA:67,4
DA:73,3
DA:80,1
DA:81,1
DA:89,12
DA:90,3
DA:91,3
DA:95,2
DA:101,1
DA:102,1
DA:111,12
DA:112,3
DA:113,3
DA:114,2
DA:115,1
DA:116,1
DA:119,1
DA:120,1
DA:129,12
DA:130,2
DA:131,2
DA:132,1
DA:137,1
DA:138,1
DA:147,12
DA:148,14
DA:150,14
DA:151,14
DA:153,14
DA:155,1
DA:157,1
DA:159,1
DA:161,1
DA:163,1
DA:165,1
DA:170,8
DA:175,7
DA:176,6
DA:177,5
DA:179,6
DA:180,5
DA:186,3
DA:187,3
DA:196,12
DA:197,5
DA:198,5
DA:199,5
DA:200,5
DA:201,5
DA:202,5
DA:203,4
DA:208,1
DA:209,1
DA:218,12
DA:219,2
DA:220,2
DA:221,1
DA:226,1
DA:227,1
DA:236,12
DA:237,3
DA:238,3
DA:239,3
DA:240,3
DA:246,2
DA:251,1
DA:252,1
DA:261,12
DA:262,3
DA:263,3
DA:264,3
DA:272,2
DA:274,1
DA:275,1
DA:284,12
DA:285,2
DA:286,2
DA:287,2
DA:295,1
DA:300,1
DA:301,1
DA:310,12
DA:311,3
DA:312,3
DA:313,2
DA:314,2
DA:316,1
DA:322,2
DA:323,2
DA:333,12
DA:334,5
DA:335,5
DA:336,5
DA:337,3
DA:339,2
DA:343,1
DA:348,12
DA:349,3
DA:350,3
DA:351,3
DA:352,3
DA:353,3
DA:355,3
DA:364,2
DA:365,1
DA:370,1
DA:372,1
DA:373,1
DA:378,1
LF:132
LH:132
BRDA:26,0,0,1
BRDA:26,0,1,1
BRDA:26,0,2,1
BRDA:26,0,3,1
BRDA:26,0,4,1
BRDA:26,0,5,1
BRDA:37,1,0,7
BRDA:37,1,1,6
BRDA:44,2,0,5
BRDA:44,2,1,1
BRDA:114,3,0,1
BRDA:114,3,1,1
BRDA:153,4,0,1
BRDA:153,4,1,1
BRDA:153,4,2,1
BRDA:153,4,3,1
BRDA:153,4,4,1
BRDA:153,4,5,1
BRDA:164,5,0,9
BRDA:164,5,1,8
BRDA:175,6,0,6
BRDA:175,6,1,1
BRDA:200,7,0,2
BRDA:200,7,1,3
BRDA:201,8,0,2
BRDA:201,8,1,3
BRDA:239,9,0,3
BRDA:239,9,1,0
BRDA:336,10,0,3
BRDA:336,10,1,2
BRDA:364,11,0,1
BRDA:364,11,1,1
BRF:32
BRH:31
end_of_record
TN:
SF:models/categoryModel.js
FNF:0
FNH:0
DA:3,17
LF:1
LH:1
BRF:0
BRH:0
end_of_record
TN:
SF:models/orderModel.js
FNF:0
FNH:0
DA:3,8
LF:1
LH:1
BRF:0
BRH:0
end_of_record
TN:
SF:models/productModel.js
FNF:0
FNH:0
DA:3,12
LF:1
LH:1
BRF:0
BRH:0
end_of_record
TN:
SF:models/userModel.js
FNF:0
FNH:0
DA:3,3
LF:1
LH:1
BRF:0
BRH:0
end_of_record
