TN:
SF:controllers\authController.js
FN:7,(anonymous_0)
FN:71,(anonymous_1)
FN:125,(anonymous_2)
FN:163,(anonymous_3)
FN:173,(anonymous_4)
FN:208,(anonymous_5)
FN:225,(anonymous_6)
FN:244,(anonymous_7)
FNF:8
FNH:8
FNDA:5,(anonymous_0)
FNDA:5,(anonymous_1)
FNDA:6,(anonymous_2)
FNDA:2,(anonymous_3)
FNDA:3,(anonymous_4)
FNDA:3,(anonymous_5)
FNDA:4,(anonymous_6)
FNDA:2,(anonymous_7)
DA:7,1
DA:8,5
DA:9,5
DA:11,5
DA:12,0
DA:14,5
DA:15,0
DA:17,5
DA:18,0
DA:20,5
DA:21,0
DA:23,5
DA:24,0
DA:26,5
DA:27,0
DA:30,5
DA:31,1
DA:35,4
DA:37,3
DA:38,1
DA:44,2
DA:46,2
DA:55,1
DA:61,2
DA:62,2
DA:71,1
DA:72,5
DA:73,5
DA:75,5
DA:76,1
DA:82,4
DA:83,3
DA:84,1
DA:89,2
DA:90,2
DA:91,1
DA:97,1
DA:100,1
DA:114,1
DA:115,1
DA:125,1
DA:126,6
DA:127,6
DA:128,6
DA:129,1
DA:131,6
DA:132,1
DA:134,6
DA:135,1
DA:138,6
DA:140,5
DA:141,1
DA:146,4
DA:147,4
DA:148,4
DA:153,1
DA:154,1
DA:163,1
DA:164,2
DA:165,2
DA:167,1
DA:168,1
DA:173,1
DA:174,3
DA:175,3
DA:176,3
DA:177,2
DA:178,1
DA:181,1
DA:182,1
DA:192,1
DA:198,1
DA:199,1
DA:208,1
DA:209,3
DA:210,3
DA:214,1
DA:216,2
DA:217,2
DA:225,1
DA:226,4
DA:227,4
DA:232,1
DA:234,3
DA:235,3
DA:244,1
DA:245,2
DA:246,2
DA:247,2
DA:248,2
DA:253,1
DA:255,1
DA:256,1
LF:93
LH:87
BRDA:11,0,0,0
BRDA:11,0,1,5
BRDA:14,1,0,0
BRDA:14,1,1,5
BRDA:17,2,0,0
BRDA:17,2,1,5
BRDA:20,3,0,0
BRDA:20,3,1,5
BRDA:23,4,0,0
BRDA:23,4,1,5
BRDA:26,5,0,0
BRDA:26,5,1,5
BRDA:30,6,0,1
BRDA:30,6,1,4
BRDA:37,7,0,1
BRDA:37,7,1,2
BRDA:75,8,0,1
BRDA:75,8,1,4
BRDA:75,9,0,5
BRDA:75,9,1,5
BRDA:83,10,0,1
BRDA:83,10,1,2
BRDA:90,11,0,1
BRDA:90,11,1,1
BRDA:128,12,0,1
BRDA:128,12,1,5
BRDA:131,13,0,1
BRDA:131,13,1,5
BRDA:134,14,0,1
BRDA:134,14,1,5
BRDA:140,15,0,1
BRDA:140,15,1,4
BRDA:177,16,0,1
BRDA:177,16,1,1
BRDA:177,17,0,2
BRDA:177,17,1,2
BRDA:181,18,0,1
BRDA:181,18,1,0
BRDA:185,19,0,1
BRDA:185,19,1,0
BRDA:186,20,0,1
BRDA:186,20,1,0
BRDA:187,21,0,1
BRDA:187,21,1,0
BRDA:188,22,0,1
BRDA:188,22,1,0
BRF:46
BRH:35
end_of_record
TN:
SF:controllers\categoryController.js
FN:3,(anonymous_0)
FN:36,(anonymous_1)
FN:61,(anonymous_2)
FN:80,(anonymous_3)
FN:99,(anonymous_4)
FNF:5
FNH:0
FNDA:0,(anonymous_0)
FNDA:0,(anonymous_1)
FNDA:0,(anonymous_2)
FNDA:0,(anonymous_3)
FNDA:0,(anonymous_4)
DA:3,0
DA:4,0
DA:5,0
DA:6,0
DA:7,0
DA:9,0
DA:10,0
DA:11,0
DA:16,0
DA:20,0
DA:26,0
DA:27,0
DA:36,0
DA:37,0
DA:38,0
DA:39,0
DA:40,0
DA:45,0
DA:51,0
DA:52,0
DA:61,0
DA:62,0
DA:63,0
DA:64,0
DA:70,0
DA:71,0
DA:80,0
DA:81,0
DA:82,0
DA:83,0
DA:89,0
DA:90,0
DA:99,0
DA:100,0
DA:101,0
DA:102,0
DA:103,0
DA:108,0
DA:109,0
LF:39
LH:0
BRDA:6,0,0,0
BRDA:6,0,1,0
BRDA:10,1,0,0
BRDA:10,1,1,0
BRF:4
BRH:0
end_of_record
TN:
SF:controllers\productController.js
FN:20,(anonymous_0)
FN:65,(anonymous_1)
FN:89,(anonymous_2)
FN:111,(anonymous_3)
FN:129,(anonymous_4)
FN:147,(anonymous_5)
FN:196,(anonymous_6)
FN:218,(anonymous_7)
FN:236,(anonymous_8)
FN:261,(anonymous_9)
FN:284,(anonymous_10)
FN:310,(anonymous_11)
FN:331,(anonymous_12)
FN:333,(anonymous_13)
FN:346,(anonymous_14)
FN:350,(anonymous_15)
FN:361,(anonymous_16)
FNF:17
FNH:0
FNDA:0,(anonymous_0)
FNDA:0,(anonymous_1)
FNDA:0,(anonymous_2)
FNDA:0,(anonymous_3)
FNDA:0,(anonymous_4)
FNDA:0,(anonymous_5)
FNDA:0,(anonymous_6)
FNDA:0,(anonymous_7)
FNDA:0,(anonymous_8)
FNDA:0,(anonymous_9)
FNDA:0,(anonymous_10)
FNDA:0,(anonymous_11)
FNDA:0,(anonymous_12)
FNDA:0,(anonymous_13)
FNDA:0,(anonymous_14)
FNDA:0,(anonymous_15)
FNDA:0,(anonymous_16)
DA:10,0
DA:13,0
DA:20,0
DA:21,0
DA:23,0
DA:24,0
DA:26,0
DA:28,0
DA:30,0
DA:32,0
DA:34,0
DA:36,0
DA:38,0
DA:43,0
DA:44,0
DA:45,0
DA:46,0
DA:48,0
DA:49,0
DA:55,0
DA:56,0
DA:65,0
DA:66,0
DA:67,0
DA:73,0
DA:80,0
DA:81,0
DA:89,0
DA:90,0
DA:91,0
DA:95,0
DA:101,0
DA:102,0
DA:111,0
DA:112,0
DA:113,0
DA:114,0
DA:115,0
DA:116,0
DA:119,0
DA:120,0
DA:129,0
DA:130,0
DA:131,0
DA:132,0
DA:137,0
DA:138,0
DA:147,0
DA:148,0
DA:150,0
DA:151,0
DA:153,0
DA:155,0
DA:157,0
DA:159,0
DA:161,0
DA:163,0
DA:165,0
DA:170,0
DA:175,0
DA:176,0
DA:177,0
DA:179,0
DA:180,0
DA:186,0
DA:187,0
DA:196,0
DA:197,0
DA:198,0
DA:199,0
DA:200,0
DA:201,0
DA:202,0
DA:203,0
DA:208,0
DA:209,0
DA:218,0
DA:219,0
DA:220,0
DA:221,0
DA:226,0
DA:227,0
DA:236,0
DA:237,0
DA:238,0
DA:239,0
DA:240,0
DA:246,0
DA:251,0
DA:252,0
DA:261,0
DA:262,0
DA:263,0
DA:264,0
DA:272,0
DA:274,0
DA:275,0
DA:284,0
DA:285,0
DA:286,0
DA:287,0
DA:295,0
DA:300,0
DA:301,0
DA:310,0
DA:311,0
DA:312,0
DA:313,0
DA:314,0
DA:320,0
DA:321,0
DA:331,0
DA:332,0
DA:333,0
DA:334,0
DA:335,0
DA:337,0
DA:341,0
DA:346,0
DA:347,0
DA:348,0
DA:349,0
DA:350,0
DA:351,0
DA:353,0
DA:362,0
DA:363,0
DA:368,0
DA:370,0
DA:375,0
LF:130
LH:0
BRDA:26,0,0,0
BRDA:26,0,1,0
BRDA:26,0,2,0
BRDA:26,0,3,0
BRDA:26,0,4,0
BRDA:26,0,5,0
BRDA:37,1,0,0
BRDA:37,1,1,0
BRDA:44,2,0,0
BRDA:44,2,1,0
BRDA:114,3,0,0
BRDA:114,3,1,0
BRDA:153,4,0,0
BRDA:153,4,1,0
BRDA:153,4,2,0
BRDA:153,4,3,0
BRDA:153,4,4,0
BRDA:153,4,5,0
BRDA:164,5,0,0
BRDA:164,5,1,0
BRDA:175,6,0,0
BRDA:175,6,1,0
BRDA:200,7,0,0
BRDA:200,7,1,0
BRDA:201,8,0,0
BRDA:201,8,1,0
BRDA:239,9,0,0
BRDA:239,9,1,0
BRDA:334,10,0,0
BRDA:334,10,1,0
BRDA:362,11,0,0
BRDA:362,11,1,0
BRF:32
BRH:0
end_of_record
